!SESSION 2022-05-23 19:11:56.348 -----------------------------------------------
eclipse.buildId=4.23.0.I20220308-0310
java.version=17.0.2
java.vendor=Eclipse Adoptium
BootLoader constants: OS=win32, ARCH=x86_64, WS=win32, NL=en_US
Framework arguments:  -product org.eclipse.epp.package.java.product
Command-line arguments:  -os win32 -ws win32 -arch x86_64 -product org.eclipse.epp.package.java.product

!ENTRY org.eclipse.jface 2 0 2022-05-23 19:12:47.908
!MESSAGE Keybinding conflicts occurred.  They may interfere with normal accelerator operation.
!SUBENTRY 1 org.eclipse.jface 2 0 2022-05-23 19:12:47.908
!MESSAGE A conflict occurred for CTRL+SHIFT+T:
Binding(CTRL+SHIFT+T,
	ParameterizedCommand(Command(org.eclipse.jdt.ui.navigate.open.type,Open Type,
		Open a type in a Java editor,
		Category(org.eclipse.ui.category.navigate,Navigate,null,true),
		org.eclipse.ui.internal.WorkbenchHandlerServiceHandler@37fca349,
		,,true),null),
	org.eclipse.ui.defaultAcceleratorConfiguration,
	org.eclipse.ui.contexts.window,,,system)
Binding(CTRL+SHIFT+T,
	ParameterizedCommand(Command(org.eclipse.lsp4e.symbolinworkspace,Go to Symbol in Workspace,
		,
		Category(org.eclipse.lsp4e.category,Language Servers,null,true),
		org.eclipse.ui.internal.WorkbenchHandlerServiceHandler@86377d5,
		,,true),null),
	org.eclipse.ui.defaultAcceleratorConfiguration,
	org.eclipse.ui.contexts.window,,,system)
!SUBENTRY 1 org.eclipse.jface 2 0 2022-05-23 19:12:47.908
!MESSAGE A conflict occurred for ALT+SHIFT+R:
Binding(ALT+SHIFT+R,
	ParameterizedCommand(Command(org.eclipse.jdt.ui.edit.text.java.rename.element,Rename - Refactoring ,
		Rename the selected element,
		Category(org.eclipse.jdt.ui.category.refactoring,Refactor - Java,Java Refactoring Actions,true),
		org.eclipse.ui.internal.WorkbenchHandlerServiceHandler@87220f1,
		,,true),null),
	org.eclipse.ui.defaultAcceleratorConfiguration,
	org.eclipse.ui.contexts.window,,,system)
Binding(ALT+SHIFT+R,
	ParameterizedCommand(Command(org.eclipse.ui.edit.rename,Rename,
		Rename the selected item,
		Category(org.eclipse.ui.category.file,File,null,true),
		org.eclipse.ui.internal.WorkbenchHandlerServiceHandler@77998ea7,
		,,true),null),
	org.eclipse.ui.defaultAcceleratorConfiguration,
	org.eclipse.ui.contexts.window,,,system)

!ENTRY org.eclipse.egit.ui 2 0 2022-05-23 19:12:54.961
!MESSAGE Warning: The environment variable HOME is not set. The following directory will be used to store the Git
user global configuration and to define the default location to store repositories: 'C:\Users\gunna'. If this is
not correct please set the HOME environment variable and restart Eclipse. Otherwise Git for Windows and
EGit might behave differently since they see different configuration options.
This warning can be switched off on the Team > Git > Confirmations and Warnings preference page.
!SESSION 2022-05-23 19:25:49.654 -----------------------------------------------
eclipse.buildId=4.23.0.I20220308-0310
java.version=17.0.2
java.vendor=Eclipse Adoptium
BootLoader constants: OS=win32, ARCH=x86_64, WS=win32, NL=en_US
Framework arguments:  -product org.eclipse.epp.package.java.product
Command-line arguments:  -os win32 -ws win32 -arch x86_64 -product org.eclipse.epp.package.java.product

!ENTRY org.eclipse.jface 2 0 2022-05-23 19:25:54.169
!MESSAGE Keybinding conflicts occurred.  They may interfere with normal accelerator operation.
!SUBENTRY 1 org.eclipse.jface 2 0 2022-05-23 19:25:54.169
!MESSAGE A conflict occurred for CTRL+SHIFT+T:
Binding(CTRL+SHIFT+T,
	ParameterizedCommand(Command(org.eclipse.jdt.ui.navigate.open.type,Open Type,
		Open a type in a Java editor,
		Category(org.eclipse.ui.category.navigate,Navigate,null,true),
		org.eclipse.ui.internal.WorkbenchHandlerServiceHandler@24e2355c,
		,,true),null),
	org.eclipse.ui.defaultAcceleratorConfiguration,
	org.eclipse.ui.contexts.window,,,system)
Binding(CTRL+SHIFT+T,
	ParameterizedCommand(Command(org.eclipse.lsp4e.symbolinworkspace,Go to Symbol in Workspace,
		,
		Category(org.eclipse.lsp4e.category,Language Servers,null,true),
		org.eclipse.ui.internal.WorkbenchHandlerServiceHandler@19739906,
		,,true),null),
	org.eclipse.ui.defaultAcceleratorConfiguration,
	org.eclipse.ui.contexts.window,,,system)
!SUBENTRY 1 org.eclipse.jface 2 0 2022-05-23 19:25:54.169
!MESSAGE A conflict occurred for ALT+SHIFT+R:
Binding(ALT+SHIFT+R,
	ParameterizedCommand(Command(org.eclipse.jdt.ui.edit.text.java.rename.element,Rename - Refactoring ,
		Rename the selected element,
		Category(org.eclipse.jdt.ui.category.refactoring,Refactor - Java,Java Refactoring Actions,true),
		org.eclipse.ui.internal.WorkbenchHandlerServiceHandler@65503a26,
		,,true),null),
	org.eclipse.ui.defaultAcceleratorConfiguration,
	org.eclipse.ui.contexts.window,,,system)
Binding(ALT+SHIFT+R,
	ParameterizedCommand(Command(org.eclipse.ui.edit.rename,Rename,
		Rename the selected item,
		Category(org.eclipse.ui.category.file,File,null,true),
		org.eclipse.ui.internal.WorkbenchHandlerServiceHandler@13aa54f1,
		,,true),null),
	org.eclipse.ui.defaultAcceleratorConfiguration,
	org.eclipse.ui.contexts.window,,,system)

!ENTRY org.eclipse.egit.ui 2 0 2022-05-23 19:25:55.792
!MESSAGE Warning: The environment variable HOME is not set. The following directory will be used to store the Git
user global configuration and to define the default location to store repositories: 'C:\Users\gunna'. If this is
not correct please set the HOME environment variable and restart Eclipse. Otherwise Git for Windows and
EGit might behave differently since they see different configuration options.
This warning can be switched off on the Team > Git > Confirmations and Warnings preference page.
!SESSION 2022-05-25 19:31:09.719 -----------------------------------------------
eclipse.buildId=4.23.0.I20220308-0310
java.version=17.0.2
java.vendor=Eclipse Adoptium
BootLoader constants: OS=win32, ARCH=x86_64, WS=win32, NL=en_US
Framework arguments:  -product org.eclipse.epp.package.java.product
Command-line arguments:  -os win32 -ws win32 -arch x86_64 -product org.eclipse.epp.package.java.product

!ENTRY org.eclipse.jface 2 0 2022-05-25 19:31:15.769
!MESSAGE Keybinding conflicts occurred.  They may interfere with normal accelerator operation.
!SUBENTRY 1 org.eclipse.jface 2 0 2022-05-25 19:31:15.769
!MESSAGE A conflict occurred for CTRL+SHIFT+T:
Binding(CTRL+SHIFT+T,
	ParameterizedCommand(Command(org.eclipse.jdt.ui.navigate.open.type,Open Type,
		Open a type in a Java editor,
		Category(org.eclipse.ui.category.navigate,Navigate,null,true),
		org.eclipse.ui.internal.WorkbenchHandlerServiceHandler@181098bf,
		,,true),null),
	org.eclipse.ui.defaultAcceleratorConfiguration,
	org.eclipse.ui.contexts.window,,,system)
Binding(CTRL+SHIFT+T,
	ParameterizedCommand(Command(org.eclipse.lsp4e.symbolinworkspace,Go to Symbol in Workspace,
		,
		Category(org.eclipse.lsp4e.category,Language Servers,null,true),
		org.eclipse.ui.internal.WorkbenchHandlerServiceHandler@632b5c79,
		,,true),null),
	org.eclipse.ui.defaultAcceleratorConfiguration,
	org.eclipse.ui.contexts.window,,,system)
!SUBENTRY 1 org.eclipse.jface 2 0 2022-05-25 19:31:15.769
!MESSAGE A conflict occurred for ALT+SHIFT+R:
Binding(ALT+SHIFT+R,
	ParameterizedCommand(Command(org.eclipse.jdt.ui.edit.text.java.rename.element,Rename - Refactoring ,
		Rename the selected element,
		Category(org.eclipse.jdt.ui.category.refactoring,Refactor - Java,Java Refactoring Actions,true),
		org.eclipse.ui.internal.WorkbenchHandlerServiceHandler@6a552721,
		,,true),null),
	org.eclipse.ui.defaultAcceleratorConfiguration,
	org.eclipse.ui.contexts.window,,,system)
Binding(ALT+SHIFT+R,
	ParameterizedCommand(Command(org.eclipse.ui.edit.rename,Rename,
		Rename the selected item,
		Category(org.eclipse.ui.category.file,File,null,true),
		org.eclipse.ui.internal.WorkbenchHandlerServiceHandler@3815a7d1,
		,,true),null),
	org.eclipse.ui.defaultAcceleratorConfiguration,
	org.eclipse.ui.contexts.window,,,system)

!ENTRY org.eclipse.egit.ui 2 0 2022-05-25 19:31:19.817
!MESSAGE Warning: The environment variable HOME is not set. The following directory will be used to store the Git
user global configuration and to define the default location to store repositories: 'C:\Users\gunna'. If this is
not correct please set the HOME environment variable and restart Eclipse. Otherwise Git for Windows and
EGit might behave differently since they see different configuration options.
This warning can be switched off on the Team > Git > Confirmations and Warnings preference page.

!ENTRY org.eclipse.jface 4 2 2022-05-25 19:33:31.937
!MESSAGE Problems occurred when invoking code from plug-in: "org.eclipse.jface".
!STACK 0
java.lang.ClassCastException: class org.eclipse.core.internal.resources.File cannot be cast to class org.eclipse.core.resources.IProject (org.eclipse.core.internal.resources.File and org.eclipse.core.resources.IProject are in unnamed module of loader org.eclipse.osgi.internal.loader.EquinoxClassLoader @9679750)
	at org.eclipse.jdt.internal.ui.preferences.PropertyAndPreferencePage.setElement(PropertyAndPreferencePage.java:327)
	at org.eclipse.jdt.internal.ui.preferences.CompliancePreferencePage.setElement(CompliancePreferencePage.java:168)
	at org.eclipse.ui.internal.dialogs.RegistryPageContributor.createPage(RegistryPageContributor.java:145)
	at org.eclipse.ui.internal.dialogs.PropertyPageNode.createPage(PropertyPageNode.java:60)
	at org.eclipse.jface.preference.PreferenceDialog.createPage(PreferenceDialog.java:1280)
	at org.eclipse.ui.internal.dialogs.FilteredPreferenceDialog.createPage(FilteredPreferenceDialog.java:338)
	at org.eclipse.jface.preference.PreferenceDialog.showPage(PreferenceDialog.java:1166)
	at org.eclipse.ui.internal.dialogs.FilteredPreferenceDialog.showPage(FilteredPreferenceDialog.java:630)
	at org.eclipse.jface.preference.PreferenceDialog$5.lambda$0(PreferenceDialog.java:660)
	at org.eclipse.swt.custom.BusyIndicator.showWhile(BusyIndicator.java:74)
	at org.eclipse.jface.preference.PreferenceDialog$5.selectionChanged(PreferenceDialog.java:657)
	at org.eclipse.jface.viewers.StructuredViewer$3.run(StructuredViewer.java:821)
	at org.eclipse.core.runtime.SafeRunner.run(SafeRunner.java:45)
	at org.eclipse.jface.util.SafeRunnable.run(SafeRunnable.java:174)
	at org.eclipse.jface.viewers.StructuredViewer.firePostSelectionChanged(StructuredViewer.java:818)
	at org.eclipse.jface.viewers.StructuredViewer.handlePostSelect(StructuredViewer.java:1191)
	at org.eclipse.swt.events.SelectionListener$1.widgetSelected(SelectionListener.java:84)
	at org.eclipse.jface.util.OpenStrategy.firePostSelectionEvent(OpenStrategy.java:284)
	at org.eclipse.jface.util.OpenStrategy$1.lambda$1(OpenStrategy.java:438)
	at org.eclipse.swt.widgets.RunnableLock.run(RunnableLock.java:40)
	at org.eclipse.swt.widgets.Synchronizer.runAsyncMessages(Synchronizer.java:185)
	at org.eclipse.swt.widgets.Display.runAsyncMessages(Display.java:4035)
	at org.eclipse.swt.widgets.Display.readAndDispatch(Display.java:3635)
	at org.eclipse.jface.window.Window.runEventLoop(Window.java:823)
	at org.eclipse.jface.window.Window.open(Window.java:799)
	at org.eclipse.ui.dialogs.PropertyDialogAction.run(PropertyDialogAction.java:153)
	at org.eclipse.jface.action.Action.runWithEvent(Action.java:474)
	at org.eclipse.jface.action.ActionContributionItem.handleWidgetSelection(ActionContributionItem.java:580)
	at org.eclipse.jface.action.ActionContributionItem.lambda$4(ActionContributionItem.java:414)
	at org.eclipse.swt.widgets.EventTable.sendEvent(EventTable.java:89)
	at org.eclipse.swt.widgets.Display.sendEvent(Display.java:4243)
	at org.eclipse.swt.widgets.Widget.sendEvent(Widget.java:1063)
	at org.eclipse.swt.widgets.Display.runDeferredEvents(Display.java:4060)
	at org.eclipse.swt.widgets.Display.readAndDispatch(Display.java:3632)
	at org.eclipse.e4.ui.internal.workbench.swt.PartRenderingEngine$5.run(PartRenderingEngine.java:1155)
	at org.eclipse.core.databinding.observable.Realm.runWithDefault(Realm.java:338)
	at org.eclipse.e4.ui.internal.workbench.swt.PartRenderingEngine.run(PartRenderingEngine.java:1046)
	at org.eclipse.e4.ui.internal.workbench.E4Workbench.createAndRunUI(E4Workbench.java:155)
	at org.eclipse.ui.internal.Workbench.lambda$3(Workbench.java:644)
	at org.eclipse.core.databinding.observable.Realm.runWithDefault(Realm.java:338)
	at org.eclipse.ui.internal.Workbench.createAndRunWorkbench(Workbench.java:551)
	at org.eclipse.ui.PlatformUI.createAndRunWorkbench(PlatformUI.java:156)
	at org.eclipse.ui.internal.ide.application.IDEApplication.start(IDEApplication.java:152)
	at org.eclipse.equinox.internal.app.EclipseAppHandle.run(EclipseAppHandle.java:203)
	at org.eclipse.core.runtime.internal.adaptor.EclipseAppLauncher.runApplication(EclipseAppLauncher.java:136)
	at org.eclipse.core.runtime.internal.adaptor.EclipseAppLauncher.start(EclipseAppLauncher.java:104)
	at org.eclipse.core.runtime.adaptor.EclipseStarter.run(EclipseStarter.java:401)
	at org.eclipse.core.runtime.adaptor.EclipseStarter.run(EclipseStarter.java:255)
	at java.base/jdk.internal.reflect.NativeMethodAccessorImpl.invoke0(Native Method)
	at java.base/jdk.internal.reflect.NativeMethodAccessorImpl.invoke(NativeMethodAccessorImpl.java:77)
	at java.base/jdk.internal.reflect.DelegatingMethodAccessorImpl.invoke(DelegatingMethodAccessorImpl.java:43)
	at java.base/java.lang.reflect.Method.invoke(Method.java:568)
	at org.eclipse.equinox.launcher.Main.invokeFramework(Main.java:659)
	at org.eclipse.equinox.launcher.Main.basicRun(Main.java:596)
	at org.eclipse.equinox.launcher.Main.run(Main.java:1467)

!ENTRY org.eclipse.jface 4 2 2022-05-25 19:33:33.551
!MESSAGE Problems occurred when invoking code from plug-in: "org.eclipse.jface".
!STACK 0
java.lang.ClassCastException: class org.eclipse.core.internal.resources.File cannot be cast to class org.eclipse.core.resources.IProject (org.eclipse.core.internal.resources.File and org.eclipse.core.resources.IProject are in unnamed module of loader org.eclipse.osgi.internal.loader.EquinoxClassLoader @9679750)
	at org.eclipse.jdt.internal.ui.preferences.PropertyAndPreferencePage.setElement(PropertyAndPreferencePage.java:327)
	at org.eclipse.ui.internal.dialogs.RegistryPageContributor.createPage(RegistryPageContributor.java:145)
	at org.eclipse.ui.internal.dialogs.PropertyPageNode.createPage(PropertyPageNode.java:60)
	at org.eclipse.jface.preference.PreferenceDialog.createPage(PreferenceDialog.java:1280)
	at org.eclipse.ui.internal.dialogs.FilteredPreferenceDialog.createPage(FilteredPreferenceDialog.java:338)
	at org.eclipse.jface.preference.PreferenceDialog.showPage(PreferenceDialog.java:1166)
	at org.eclipse.ui.internal.dialogs.FilteredPreferenceDialog.showPage(FilteredPreferenceDialog.java:630)
	at org.eclipse.jface.preference.PreferenceDialog$5.lambda$0(PreferenceDialog.java:660)
	at org.eclipse.swt.custom.BusyIndicator.showWhile(BusyIndicator.java:74)
	at org.eclipse.jface.preference.PreferenceDialog$5.selectionChanged(PreferenceDialog.java:657)
	at org.eclipse.jface.viewers.StructuredViewer$3.run(StructuredViewer.java:821)
	at org.eclipse.core.runtime.SafeRunner.run(SafeRunner.java:45)
	at org.eclipse.jface.util.SafeRunnable.run(SafeRunnable.java:174)
	at org.eclipse.jface.viewers.StructuredViewer.firePostSelectionChanged(StructuredViewer.java:818)
	at org.eclipse.jface.viewers.StructuredViewer.handlePostSelect(StructuredViewer.java:1191)
	at org.eclipse.swt.events.SelectionListener$1.widgetSelected(SelectionListener.java:84)
	at org.eclipse.jface.util.OpenStrategy.firePostSelectionEvent(OpenStrategy.java:284)
	at org.eclipse.jface.util.OpenStrategy$1.lambda$1(OpenStrategy.java:438)
	at org.eclipse.swt.widgets.RunnableLock.run(RunnableLock.java:40)
	at org.eclipse.swt.widgets.Synchronizer.runAsyncMessages(Synchronizer.java:185)
	at org.eclipse.swt.widgets.Display.runAsyncMessages(Display.java:4035)
	at org.eclipse.swt.widgets.Display.readAndDispatch(Display.java:3635)
	at org.eclipse.jface.window.Window.runEventLoop(Window.java:823)
	at org.eclipse.jface.window.Window.open(Window.java:799)
	at org.eclipse.ui.dialogs.PropertyDialogAction.run(PropertyDialogAction.java:153)
	at org.eclipse.jface.action.Action.runWithEvent(Action.java:474)
	at org.eclipse.jface.action.ActionContributionItem.handleWidgetSelection(ActionContributionItem.java:580)
	at org.eclipse.jface.action.ActionContributionItem.lambda$4(ActionContributionItem.java:414)
	at org.eclipse.swt.widgets.EventTable.sendEvent(EventTable.java:89)
	at org.eclipse.swt.widgets.Display.sendEvent(Display.java:4243)
	at org.eclipse.swt.widgets.Widget.sendEvent(Widget.java:1063)
	at org.eclipse.swt.widgets.Display.runDeferredEvents(Display.java:4060)
	at org.eclipse.swt.widgets.Display.readAndDispatch(Display.java:3632)
	at org.eclipse.e4.ui.internal.workbench.swt.PartRenderingEngine$5.run(PartRenderingEngine.java:1155)
	at org.eclipse.core.databinding.observable.Realm.runWithDefault(Realm.java:338)
	at org.eclipse.e4.ui.internal.workbench.swt.PartRenderingEngine.run(PartRenderingEngine.java:1046)
	at org.eclipse.e4.ui.internal.workbench.E4Workbench.createAndRunUI(E4Workbench.java:155)
	at org.eclipse.ui.internal.Workbench.lambda$3(Workbench.java:644)
	at org.eclipse.core.databinding.observable.Realm.runWithDefault(Realm.java:338)
	at org.eclipse.ui.internal.Workbench.createAndRunWorkbench(Workbench.java:551)
	at org.eclipse.ui.PlatformUI.createAndRunWorkbench(PlatformUI.java:156)
	at org.eclipse.ui.internal.ide.application.IDEApplication.start(IDEApplication.java:152)
	at org.eclipse.equinox.internal.app.EclipseAppHandle.run(EclipseAppHandle.java:203)
	at org.eclipse.core.runtime.internal.adaptor.EclipseAppLauncher.runApplication(EclipseAppLauncher.java:136)
	at org.eclipse.core.runtime.internal.adaptor.EclipseAppLauncher.start(EclipseAppLauncher.java:104)
	at org.eclipse.core.runtime.adaptor.EclipseStarter.run(EclipseStarter.java:401)
	at org.eclipse.core.runtime.adaptor.EclipseStarter.run(EclipseStarter.java:255)
	at java.base/jdk.internal.reflect.NativeMethodAccessorImpl.invoke0(Native Method)
	at java.base/jdk.internal.reflect.NativeMethodAccessorImpl.invoke(NativeMethodAccessorImpl.java:77)
	at java.base/jdk.internal.reflect.DelegatingMethodAccessorImpl.invoke(DelegatingMethodAccessorImpl.java:43)
	at java.base/java.lang.reflect.Method.invoke(Method.java:568)
	at org.eclipse.equinox.launcher.Main.invokeFramework(Main.java:659)
	at org.eclipse.equinox.launcher.Main.basicRun(Main.java:596)
	at org.eclipse.equinox.launcher.Main.run(Main.java:1467)
!SESSION 2022-05-25 19:54:37.711 -----------------------------------------------
eclipse.buildId=4.23.0.I20220308-0310
java.version=17.0.2
java.vendor=Eclipse Adoptium
BootLoader constants: OS=win32, ARCH=x86_64, WS=win32, NL=en_US
Framework arguments:  -product org.eclipse.epp.package.java.product
Command-line arguments:  -os win32 -ws win32 -arch x86_64 -product org.eclipse.epp.package.java.product

!ENTRY org.eclipse.jface 2 0 2022-05-25 19:54:41.761
!MESSAGE Keybinding conflicts occurred.  They may interfere with normal accelerator operation.
!SUBENTRY 1 org.eclipse.jface 2 0 2022-05-25 19:54:41.761
!MESSAGE A conflict occurred for CTRL+SHIFT+T:
Binding(CTRL+SHIFT+T,
	ParameterizedCommand(Command(org.eclipse.jdt.ui.navigate.open.type,Open Type,
		Open a type in a Java editor,
		Category(org.eclipse.ui.category.navigate,Navigate,null,true),
		org.eclipse.ui.internal.WorkbenchHandlerServiceHandler@3c2dda7c,
		,,true),null),
	org.eclipse.ui.defaultAcceleratorConfiguration,
	org.eclipse.ui.contexts.window,,,system)
Binding(CTRL+SHIFT+T,
	ParameterizedCommand(Command(org.eclipse.lsp4e.symbolinworkspace,Go to Symbol in Workspace,
		,
		Category(org.eclipse.lsp4e.category,Language Servers,null,true),
		org.eclipse.ui.internal.WorkbenchHandlerServiceHandler@4b9fa2f,
		,,true),null),
	org.eclipse.ui.defaultAcceleratorConfiguration,
	org.eclipse.ui.contexts.window,,,system)
!SUBENTRY 1 org.eclipse.jface 2 0 2022-05-25 19:54:41.761
!MESSAGE A conflict occurred for ALT+SHIFT+R:
Binding(ALT+SHIFT+R,
	ParameterizedCommand(Command(org.eclipse.jdt.ui.edit.text.java.rename.element,Rename - Refactoring ,
		Rename the selected element,
		Category(org.eclipse.jdt.ui.category.refactoring,Refactor - Java,Java Refactoring Actions,true),
		org.eclipse.ui.internal.WorkbenchHandlerServiceHandler@6d80e411,
		,,true),null),
	org.eclipse.ui.defaultAcceleratorConfiguration,
	org.eclipse.ui.contexts.window,,,system)
Binding(ALT+SHIFT+R,
	ParameterizedCommand(Command(org.eclipse.ui.edit.rename,Rename,
		Rename the selected item,
		Category(org.eclipse.ui.category.file,File,null,true),
		org.eclipse.ui.internal.WorkbenchHandlerServiceHandler@32caae19,
		,,true),null),
	org.eclipse.ui.defaultAcceleratorConfiguration,
	org.eclipse.ui.contexts.window,,,system)

!ENTRY org.eclipse.egit.ui 2 0 2022-05-25 19:54:44.219
!MESSAGE Warning: The environment variable HOME is not set. The following directory will be used to store the Git
user global configuration and to define the default location to store repositories: 'C:\Users\gunna'. If this is
not correct please set the HOME environment variable and restart Eclipse. Otherwise Git for Windows and
EGit might behave differently since they see different configuration options.
This warning can be switched off on the Team > Git > Confirmations and Warnings preference page.
!SESSION 2022-05-25 20:18:20.972 -----------------------------------------------
eclipse.buildId=4.23.0.I20220308-0310
java.version=17.0.2
java.vendor=Eclipse Adoptium
BootLoader constants: OS=win32, ARCH=x86_64, WS=win32, NL=en_US
Framework arguments:  -product org.eclipse.epp.package.java.product
Command-line arguments:  -os win32 -ws win32 -arch x86_64 -product org.eclipse.epp.package.java.product

!ENTRY org.eclipse.jface 2 0 2022-05-25 20:18:24.756
!MESSAGE Keybinding conflicts occurred.  They may interfere with normal accelerator operation.
!SUBENTRY 1 org.eclipse.jface 2 0 2022-05-25 20:18:24.757
!MESSAGE A conflict occurred for CTRL+SHIFT+T:
Binding(CTRL+SHIFT+T,
	ParameterizedCommand(Command(org.eclipse.jdt.ui.navigate.open.type,Open Type,
		Open a type in a Java editor,
		Category(org.eclipse.ui.category.navigate,Navigate,null,true),
		org.eclipse.ui.internal.WorkbenchHandlerServiceHandler@181098bf,
		,,true),null),
	org.eclipse.ui.defaultAcceleratorConfiguration,
	org.eclipse.ui.contexts.window,,,system)
Binding(CTRL+SHIFT+T,
	ParameterizedCommand(Command(org.eclipse.lsp4e.symbolinworkspace,Go to Symbol in Workspace,
		,
		Category(org.eclipse.lsp4e.category,Language Servers,null,true),
		org.eclipse.ui.internal.WorkbenchHandlerServiceHandler@632b5c79,
		,,true),null),
	org.eclipse.ui.defaultAcceleratorConfiguration,
	org.eclipse.ui.contexts.window,,,system)
!SUBENTRY 1 org.eclipse.jface 2 0 2022-05-25 20:18:24.757
!MESSAGE A conflict occurred for ALT+SHIFT+R:
Binding(ALT+SHIFT+R,
	ParameterizedCommand(Command(org.eclipse.jdt.ui.edit.text.java.rename.element,Rename - Refactoring ,
		Rename the selected element,
		Category(org.eclipse.jdt.ui.category.refactoring,Refactor - Java,Java Refactoring Actions,true),
		org.eclipse.ui.internal.WorkbenchHandlerServiceHandler@6a552721,
		,,true),null),
	org.eclipse.ui.defaultAcceleratorConfiguration,
	org.eclipse.ui.contexts.window,,,system)
Binding(ALT+SHIFT+R,
	ParameterizedCommand(Command(org.eclipse.ui.edit.rename,Rename,
		Rename the selected item,
		Category(org.eclipse.ui.category.file,File,null,true),
		org.eclipse.ui.internal.WorkbenchHandlerServiceHandler@3815a7d1,
		,,true),null),
	org.eclipse.ui.defaultAcceleratorConfiguration,
	org.eclipse.ui.contexts.window,,,system)

!ENTRY org.eclipse.egit.ui 2 0 2022-05-25 20:18:27.371
!MESSAGE Warning: The environment variable HOME is not set. The following directory will be used to store the Git
user global configuration and to define the default location to store repositories: 'C:\Users\gunna'. If this is
not correct please set the HOME environment variable and restart Eclipse. Otherwise Git for Windows and
EGit might behave differently since they see different configuration options.
This warning can be switched off on the Team > Git > Confirmations and Warnings preference page.
!SESSION 2022-05-26 16:31:12.530 -----------------------------------------------
eclipse.buildId=4.23.0.I20220308-0310
java.version=17.0.2
java.vendor=Eclipse Adoptium
BootLoader constants: OS=win32, ARCH=x86_64, WS=win32, NL=en_US
Framework arguments:  -product org.eclipse.epp.package.java.product
Command-line arguments:  -os win32 -ws win32 -arch x86_64 -product org.eclipse.epp.package.java.product

!ENTRY org.eclipse.jface 2 0 2022-05-26 16:31:18.130
!MESSAGE Keybinding conflicts occurred.  They may interfere with normal accelerator operation.
!SUBENTRY 1 org.eclipse.jface 2 0 2022-05-26 16:31:18.130
!MESSAGE A conflict occurred for CTRL+SHIFT+T:
Binding(CTRL+SHIFT+T,
	ParameterizedCommand(Command(org.eclipse.jdt.ui.navigate.open.type,Open Type,
		Open a type in a Java editor,
		Category(org.eclipse.ui.category.navigate,Navigate,null,true),
		org.eclipse.ui.internal.WorkbenchHandlerServiceHandler@181098bf,
		,,true),null),
	org.eclipse.ui.defaultAcceleratorConfiguration,
	org.eclipse.ui.contexts.window,,,system)
Binding(CTRL+SHIFT+T,
	ParameterizedCommand(Command(org.eclipse.lsp4e.symbolinworkspace,Go to Symbol in Workspace,
		,
		Category(org.eclipse.lsp4e.category,Language Servers,null,true),
		org.eclipse.ui.internal.WorkbenchHandlerServiceHandler@632b5c79,
		,,true),null),
	org.eclipse.ui.defaultAcceleratorConfiguration,
	org.eclipse.ui.contexts.window,,,system)
!SUBENTRY 1 org.eclipse.jface 2 0 2022-05-26 16:31:18.130
!MESSAGE A conflict occurred for ALT+SHIFT+R:
Binding(ALT+SHIFT+R,
	ParameterizedCommand(Command(org.eclipse.jdt.ui.edit.text.java.rename.element,Rename - Refactoring ,
		Rename the selected element,
		Category(org.eclipse.jdt.ui.category.refactoring,Refactor - Java,Java Refactoring Actions,true),
		org.eclipse.ui.internal.WorkbenchHandlerServiceHandler@6a552721,
		,,true),null),
	org.eclipse.ui.defaultAcceleratorConfiguration,
	org.eclipse.ui.contexts.window,,,system)
Binding(ALT+SHIFT+R,
	ParameterizedCommand(Command(org.eclipse.ui.edit.rename,Rename,
		Rename the selected item,
		Category(org.eclipse.ui.category.file,File,null,true),
		org.eclipse.ui.internal.WorkbenchHandlerServiceHandler@3815a7d1,
		,,true),null),
	org.eclipse.ui.defaultAcceleratorConfiguration,
	org.eclipse.ui.contexts.window,,,system)

!ENTRY org.eclipse.egit.ui 2 0 2022-05-26 16:31:20.920
!MESSAGE Warning: The environment variable HOME is not set. The following directory will be used to store the Git
user global configuration and to define the default location to store repositories: 'C:\Users\gunna'. If this is
not correct please set the HOME environment variable and restart Eclipse. Otherwise Git for Windows and
EGit might behave differently since they see different configuration options.
This warning can be switched off on the Team > Git > Confirmations and Warnings preference page.
!SESSION 2022-05-28 10:09:42.526 -----------------------------------------------
eclipse.buildId=4.23.0.I20220308-0310
java.version=17.0.2
java.vendor=Eclipse Adoptium
BootLoader constants: OS=win32, ARCH=x86_64, WS=win32, NL=en_US
Framework arguments:  -product org.eclipse.epp.package.java.product
Command-line arguments:  -os win32 -ws win32 -arch x86_64 -product org.eclipse.epp.package.java.product

!ENTRY org.eclipse.jface 2 0 2022-05-28 10:09:49.781
!MESSAGE Keybinding conflicts occurred.  They may interfere with normal accelerator operation.
!SUBENTRY 1 org.eclipse.jface 2 0 2022-05-28 10:09:49.781
!MESSAGE A conflict occurred for CTRL+SHIFT+T:
Binding(CTRL+SHIFT+T,
	ParameterizedCommand(Command(org.eclipse.jdt.ui.navigate.open.type,Open Type,
		Open a type in a Java editor,
		Category(org.eclipse.ui.category.navigate,Navigate,null,true),
		org.eclipse.ui.internal.WorkbenchHandlerServiceHandler@181098bf,
		,,true),null),
	org.eclipse.ui.defaultAcceleratorConfiguration,
	org.eclipse.ui.contexts.window,,,system)
Binding(CTRL+SHIFT+T,
	ParameterizedCommand(Command(org.eclipse.lsp4e.symbolinworkspace,Go to Symbol in Workspace,
		,
		Category(org.eclipse.lsp4e.category,Language Servers,null,true),
		org.eclipse.ui.internal.WorkbenchHandlerServiceHandler@632b5c79,
		,,true),null),
	org.eclipse.ui.defaultAcceleratorConfiguration,
	org.eclipse.ui.contexts.window,,,system)
!SUBENTRY 1 org.eclipse.jface 2 0 2022-05-28 10:09:49.781
!MESSAGE A conflict occurred for ALT+SHIFT+R:
Binding(ALT+SHIFT+R,
	ParameterizedCommand(Command(org.eclipse.jdt.ui.edit.text.java.rename.element,Rename - Refactoring ,
		Rename the selected element,
		Category(org.eclipse.jdt.ui.category.refactoring,Refactor - Java,Java Refactoring Actions,true),
		org.eclipse.ui.internal.WorkbenchHandlerServiceHandler@6a552721,
		,,true),null),
	org.eclipse.ui.defaultAcceleratorConfiguration,
	org.eclipse.ui.contexts.window,,,system)
Binding(ALT+SHIFT+R,
	ParameterizedCommand(Command(org.eclipse.ui.edit.rename,Rename,
		Rename the selected item,
		Category(org.eclipse.ui.category.file,File,null,true),
		org.eclipse.ui.internal.WorkbenchHandlerServiceHandler@3815a7d1,
		,,true),null),
	org.eclipse.ui.defaultAcceleratorConfiguration,
	org.eclipse.ui.contexts.window,,,system)

!ENTRY org.eclipse.egit.ui 2 0 2022-05-28 10:09:53.298
!MESSAGE Warning: The environment variable HOME is not set. The following directory will be used to store the Git
user global configuration and to define the default location to store repositories: 'C:\Users\gunna'. If this is
not correct please set the HOME environment variable and restart Eclipse. Otherwise Git for Windows and
EGit might behave differently since they see different configuration options.
This warning can be switched off on the Team > Git > Confirmations and Warnings preference page.
!SESSION 2022-05-28 10:10:17.326 -----------------------------------------------
eclipse.buildId=4.23.0.I20220308-0310
java.version=17.0.2
java.vendor=Eclipse Adoptium
BootLoader constants: OS=win32, ARCH=x86_64, WS=win32, NL=en_US
Framework arguments:  -product org.eclipse.epp.package.java.product
Command-line arguments:  -os win32 -ws win32 -arch x86_64 -product org.eclipse.epp.package.java.product

!ENTRY org.eclipse.jface 2 0 2022-05-28 10:10:27.882
!MESSAGE Keybinding conflicts occurred.  They may interfere with normal accelerator operation.
!SUBENTRY 1 org.eclipse.jface 2 0 2022-05-28 10:10:27.882
!MESSAGE A conflict occurred for CTRL+SHIFT+T:
Binding(CTRL+SHIFT+T,
	ParameterizedCommand(Command(org.eclipse.jdt.ui.navigate.open.type,Open Type,
		Open a type in a Java editor,
		Category(org.eclipse.ui.category.navigate,Navigate,null,true),
		org.eclipse.ui.internal.WorkbenchHandlerServiceHandler@783dc0e7,
		,,true),null),
	org.eclipse.ui.defaultAcceleratorConfiguration,
	org.eclipse.ui.contexts.window,,,system)
Binding(CTRL+SHIFT+T,
	ParameterizedCommand(Command(org.eclipse.lsp4e.symbolinworkspace,Go to Symbol in Workspace,
		,
		Category(org.eclipse.lsp4e.category,Language Servers,null,true),
		org.eclipse.ui.internal.WorkbenchHandlerServiceHandler@361f26b4,
		,,true),null),
	org.eclipse.ui.defaultAcceleratorConfiguration,
	org.eclipse.ui.contexts.window,,,system)
!SUBENTRY 1 org.eclipse.jface 2 0 2022-05-28 10:10:27.882
!MESSAGE A conflict occurred for ALT+SHIFT+R:
Binding(ALT+SHIFT+R,
	ParameterizedCommand(Command(org.eclipse.jdt.ui.edit.text.java.rename.element,Rename - Refactoring ,
		Rename the selected element,
		Category(org.eclipse.jdt.ui.category.refactoring,Refactor - Java,Java Refactoring Actions,true),
		org.eclipse.ui.internal.WorkbenchHandlerServiceHandler@1d9ff1e2,
		,,true),null),
	org.eclipse.ui.defaultAcceleratorConfiguration,
	org.eclipse.ui.contexts.window,,,system)
Binding(ALT+SHIFT+R,
	ParameterizedCommand(Command(org.eclipse.ui.edit.rename,Rename,
		Rename the selected item,
		Category(org.eclipse.ui.category.file,File,null,true),
		org.eclipse.ui.internal.WorkbenchHandlerServiceHandler@722b3ba2,
		,,true),null),
	org.eclipse.ui.defaultAcceleratorConfiguration,
	org.eclipse.ui.contexts.window,,,system)

!ENTRY org.eclipse.egit.ui 2 0 2022-05-28 10:10:30.116
!MESSAGE Warning: The environment variable HOME is not set. The following directory will be used to store the Git
user global configuration and to define the default location to store repositories: 'C:\Users\gunna'. If this is
not correct please set the HOME environment variable and restart Eclipse. Otherwise Git for Windows and
EGit might behave differently since they see different configuration options.
This warning can be switched off on the Team > Git > Confirmations and Warnings preference page.

!ENTRY org.eclipse.eclemma.core 4 5013 2022-05-28 12:33:20.888
!MESSAGE Error while dumping coverage data (code 5013).
!STACK 0
java.net.SocketException: Connection reset
	at java.base/sun.nio.ch.NioSocketImpl.implRead(NioSocketImpl.java:323)
	at java.base/sun.nio.ch.NioSocketImpl.read(NioSocketImpl.java:350)
	at java.base/sun.nio.ch.NioSocketImpl$1.read(NioSocketImpl.java:803)
	at java.base/java.net.Socket$SocketInputStream.read(Socket.java:966)
	at java.base/java.net.Socket$SocketInputStream.read(Socket.java:961)
	at java.base/java.io.FilterInputStream.read(FilterInputStream.java:82)
	at org.jacoco.core.data.ExecutionDataReader.read(ExecutionDataReader.java:84)
	at org.eclipse.eclemma.internal.core.MemoryExecutionDataSource.readFrom(MemoryExecutionDataSource.java:69)
	at org.eclipse.eclemma.internal.core.launching.AgentServer.run(AgentServer.java:115)
	at org.eclipse.core.internal.jobs.Worker.run(Worker.java:63)
!SESSION 2022-05-28 12:33:41.215 -----------------------------------------------
eclipse.buildId=4.23.0.I20220308-0310
java.version=17.0.2
java.vendor=Eclipse Adoptium
BootLoader constants: OS=win32, ARCH=x86_64, WS=win32, NL=en_US
Framework arguments:  -product org.eclipse.epp.package.java.product
Command-line arguments:  -os win32 -ws win32 -arch x86_64 -product org.eclipse.epp.package.java.product

!ENTRY org.eclipse.jface 2 0 2022-05-28 12:33:45.875
!MESSAGE Keybinding conflicts occurred.  They may interfere with normal accelerator operation.
!SUBENTRY 1 org.eclipse.jface 2 0 2022-05-28 12:33:45.876
!MESSAGE A conflict occurred for CTRL+SHIFT+T:
Binding(CTRL+SHIFT+T,
	ParameterizedCommand(Command(org.eclipse.jdt.ui.navigate.open.type,Open Type,
		Open a type in a Java editor,
		Category(org.eclipse.ui.category.navigate,Navigate,null,true),
		org.eclipse.ui.internal.WorkbenchHandlerServiceHandler@6d80e411,
		,,true),null),
	org.eclipse.ui.defaultAcceleratorConfiguration,
	org.eclipse.ui.contexts.window,,,system)
Binding(CTRL+SHIFT+T,
	ParameterizedCommand(Command(org.eclipse.lsp4e.symbolinworkspace,Go to Symbol in Workspace,
		,
		Category(org.eclipse.lsp4e.category,Language Servers,null,true),
		org.eclipse.ui.internal.WorkbenchHandlerServiceHandler@32caae19,
		,,true),null),
	org.eclipse.ui.defaultAcceleratorConfiguration,
	org.eclipse.ui.contexts.window,,,system)
!SUBENTRY 1 org.eclipse.jface 2 0 2022-05-28 12:33:45.876
!MESSAGE A conflict occurred for ALT+SHIFT+R:
Binding(ALT+SHIFT+R,
	ParameterizedCommand(Command(org.eclipse.jdt.ui.edit.text.java.rename.element,Rename - Refactoring ,
		Rename the selected element,
		Category(org.eclipse.jdt.ui.category.refactoring,Refactor - Java,Java Refactoring Actions,true),
		org.eclipse.ui.internal.WorkbenchHandlerServiceHandler@60e67c06,
		,,true),null),
	org.eclipse.ui.defaultAcceleratorConfiguration,
	org.eclipse.ui.contexts.window,,,system)
Binding(ALT+SHIFT+R,
	ParameterizedCommand(Command(org.eclipse.ui.edit.rename,Rename,
		Rename the selected item,
		Category(org.eclipse.ui.category.file,File,null,true),
		org.eclipse.ui.internal.WorkbenchHandlerServiceHandler@2bc59ab7,
		,,true),null),
	org.eclipse.ui.defaultAcceleratorConfiguration,
	org.eclipse.ui.contexts.window,,,system)

!ENTRY org.eclipse.egit.ui 2 0 2022-05-28 12:33:49.462
!MESSAGE Warning: The environment variable HOME is not set. The following directory will be used to store the Git
user global configuration and to define the default location to store repositories: 'C:\Users\gunna'. If this is
not correct please set the HOME environment variable and restart Eclipse. Otherwise Git for Windows and
EGit might behave differently since they see different configuration options.
This warning can be switched off on the Team > Git > Confirmations and Warnings preference page.
!SESSION 2022-05-29 10:52:21.966 -----------------------------------------------
eclipse.buildId=4.23.0.I20220308-0310
java.version=17.0.2
java.vendor=Eclipse Adoptium
BootLoader constants: OS=win32, ARCH=x86_64, WS=win32, NL=en_US
Framework arguments:  -product org.eclipse.epp.package.java.product
Command-line arguments:  -os win32 -ws win32 -arch x86_64 -product org.eclipse.epp.package.java.product

!ENTRY org.eclipse.jface 2 0 2022-05-29 10:52:26.554
!MESSAGE Keybinding conflicts occurred.  They may interfere with normal accelerator operation.
!SUBENTRY 1 org.eclipse.jface 2 0 2022-05-29 10:52:26.554
!MESSAGE A conflict occurred for CTRL+SHIFT+T:
Binding(CTRL+SHIFT+T,
	ParameterizedCommand(Command(org.eclipse.jdt.ui.navigate.open.type,Open Type,
		Open a type in a Java editor,
		Category(org.eclipse.ui.category.navigate,Navigate,null,true),
		org.eclipse.ui.internal.WorkbenchHandlerServiceHandler@6d80e411,
		,,true),null),
	org.eclipse.ui.defaultAcceleratorConfiguration,
	org.eclipse.ui.contexts.window,,,system)
Binding(CTRL+SHIFT+T,
	ParameterizedCommand(Command(org.eclipse.lsp4e.symbolinworkspace,Go to Symbol in Workspace,
		,
		Category(org.eclipse.lsp4e.category,Language Servers,null,true),
		org.eclipse.ui.internal.WorkbenchHandlerServiceHandler@32caae19,
		,,true),null),
	org.eclipse.ui.defaultAcceleratorConfiguration,
	org.eclipse.ui.contexts.window,,,system)
!SUBENTRY 1 org.eclipse.jface 2 0 2022-05-29 10:52:26.554
!MESSAGE A conflict occurred for ALT+SHIFT+R:
Binding(ALT+SHIFT+R,
	ParameterizedCommand(Command(org.eclipse.jdt.ui.edit.text.java.rename.element,Rename - Refactoring ,
		Rename the selected element,
		Category(org.eclipse.jdt.ui.category.refactoring,Refactor - Java,Java Refactoring Actions,true),
		org.eclipse.ui.internal.WorkbenchHandlerServiceHandler@60e67c06,
		,,true),null),
	org.eclipse.ui.defaultAcceleratorConfiguration,
	org.eclipse.ui.contexts.window,,,system)
Binding(ALT+SHIFT+R,
	ParameterizedCommand(Command(org.eclipse.ui.edit.rename,Rename,
		Rename the selected item,
		Category(org.eclipse.ui.category.file,File,null,true),
		org.eclipse.ui.internal.WorkbenchHandlerServiceHandler@2bc59ab7,
		,,true),null),
	org.eclipse.ui.defaultAcceleratorConfiguration,
	org.eclipse.ui.contexts.window,,,system)

!ENTRY org.eclipse.egit.ui 2 0 2022-05-29 10:52:29.257
!MESSAGE Warning: The environment variable HOME is not set. The following directory will be used to store the Git
user global configuration and to define the default location to store repositories: 'C:\Users\gunna'. If this is
not correct please set the HOME environment variable and restart Eclipse. Otherwise Git for Windows and
EGit might behave differently since they see different configuration options.
This warning can be switched off on the Team > Git > Confirmations and Warnings preference page.
!SESSION 2022-05-29 16:19:07.126 -----------------------------------------------
eclipse.buildId=4.23.0.I20220308-0310
java.version=17.0.2
java.vendor=Eclipse Adoptium
BootLoader constants: OS=win32, ARCH=x86_64, WS=win32, NL=en_US
Framework arguments:  -product org.eclipse.epp.package.java.product
Command-line arguments:  -os win32 -ws win32 -arch x86_64 -product org.eclipse.epp.package.java.product

!ENTRY org.eclipse.jface 2 0 2022-05-29 16:19:11.904
!MESSAGE Keybinding conflicts occurred.  They may interfere with normal accelerator operation.
!SUBENTRY 1 org.eclipse.jface 2 0 2022-05-29 16:19:11.904
!MESSAGE A conflict occurred for CTRL+SHIFT+T:
Binding(CTRL+SHIFT+T,
	ParameterizedCommand(Command(org.eclipse.jdt.ui.navigate.open.type,Open Type,
		Open a type in a Java editor,
		Category(org.eclipse.ui.category.navigate,Navigate,null,true),
		org.eclipse.ui.internal.WorkbenchHandlerServiceHandler@265287ec,
		,,true),null),
	org.eclipse.ui.defaultAcceleratorConfiguration,
	org.eclipse.ui.contexts.window,,,system)
Binding(CTRL+SHIFT+T,
	ParameterizedCommand(Command(org.eclipse.lsp4e.symbolinworkspace,Go to Symbol in Workspace,
		,
		Category(org.eclipse.lsp4e.category,Language Servers,null,true),
		org.eclipse.ui.internal.WorkbenchHandlerServiceHandler@7507d96c,
		,,true),null),
	org.eclipse.ui.defaultAcceleratorConfiguration,
	org.eclipse.ui.contexts.window,,,system)
!SUBENTRY 1 org.eclipse.jface 2 0 2022-05-29 16:19:11.904
!MESSAGE A conflict occurred for ALT+SHIFT+R:
Binding(ALT+SHIFT+R,
	ParameterizedCommand(Command(org.eclipse.jdt.ui.edit.text.java.rename.element,Rename - Refactoring ,
		Rename the selected element,
		Category(org.eclipse.jdt.ui.category.refactoring,Refactor - Java,Java Refactoring Actions,true),
		org.eclipse.ui.internal.WorkbenchHandlerServiceHandler@7210f559,
		,,true),null),
	org.eclipse.ui.defaultAcceleratorConfiguration,
	org.eclipse.ui.contexts.window,,,system)
Binding(ALT+SHIFT+R,
	ParameterizedCommand(Command(org.eclipse.ui.edit.rename,Rename,
		Rename the selected item,
		Category(org.eclipse.ui.category.file,File,null,true),
		org.eclipse.ui.internal.WorkbenchHandlerServiceHandler@49b9ba6a,
		,,true),null),
	org.eclipse.ui.defaultAcceleratorConfiguration,
	org.eclipse.ui.contexts.window,,,system)

!ENTRY org.eclipse.egit.ui 2 0 2022-05-29 16:19:13.658
!MESSAGE Warning: The environment variable HOME is not set. The following directory will be used to store the Git
user global configuration and to define the default location to store repositories: 'C:\Users\gunna'. If this is
not correct please set the HOME environment variable and restart Eclipse. Otherwise Git for Windows and
EGit might behave differently since they see different configuration options.
This warning can be switched off on the Team > Git > Confirmations and Warnings preference page.
!SESSION 2022-05-29 18:34:12.252 -----------------------------------------------
eclipse.buildId=4.23.0.I20220308-0310
java.version=17.0.2
java.vendor=Eclipse Adoptium
BootLoader constants: OS=win32, ARCH=x86_64, WS=win32, NL=en_US
Framework arguments:  -product org.eclipse.epp.package.java.product
Command-line arguments:  -os win32 -ws win32 -arch x86_64 -product org.eclipse.epp.package.java.product

!ENTRY org.eclipse.jface 2 0 2022-05-29 18:34:32.314
!MESSAGE Keybinding conflicts occurred.  They may interfere with normal accelerator operation.
!SUBENTRY 1 org.eclipse.jface 2 0 2022-05-29 18:34:32.314
!MESSAGE A conflict occurred for CTRL+SHIFT+T:
Binding(CTRL+SHIFT+T,
	ParameterizedCommand(Command(org.eclipse.jdt.ui.navigate.open.type,Open Type,
		Open a type in a Java editor,
		Category(org.eclipse.ui.category.navigate,Navigate,null,true),
		org.eclipse.ui.internal.WorkbenchHandlerServiceHandler@3c2dda7c,
		,,true),null),
	org.eclipse.ui.defaultAcceleratorConfiguration,
	org.eclipse.ui.contexts.window,,,system)
Binding(CTRL+SHIFT+T,
	ParameterizedCommand(Command(org.eclipse.lsp4e.symbolinworkspace,Go to Symbol in Workspace,
		,
		Category(org.eclipse.lsp4e.category,Language Servers,null,true),
		org.eclipse.ui.internal.WorkbenchHandlerServiceHandler@4b9fa2f,
		,,true),null),
	org.eclipse.ui.defaultAcceleratorConfiguration,
	org.eclipse.ui.contexts.window,,,system)
!SUBENTRY 1 org.eclipse.jface 2 0 2022-05-29 18:34:32.314
!MESSAGE A conflict occurred for ALT+SHIFT+R:
Binding(ALT+SHIFT+R,
	ParameterizedCommand(Command(org.eclipse.jdt.ui.edit.text.java.rename.element,Rename - Refactoring ,
		Rename the selected element,
		Category(org.eclipse.jdt.ui.category.refactoring,Refactor - Java,Java Refactoring Actions,true),
		org.eclipse.ui.internal.WorkbenchHandlerServiceHandler@6d80e411,
		,,true),null),
	org.eclipse.ui.defaultAcceleratorConfiguration,
	org.eclipse.ui.contexts.window,,,system)
Binding(ALT+SHIFT+R,
	ParameterizedCommand(Command(org.eclipse.ui.edit.rename,Rename,
		Rename the selected item,
		Category(org.eclipse.ui.category.file,File,null,true),
		org.eclipse.ui.internal.WorkbenchHandlerServiceHandler@32caae19,
		,,true),null),
	org.eclipse.ui.defaultAcceleratorConfiguration,
	org.eclipse.ui.contexts.window,,,system)

!ENTRY org.eclipse.egit.ui 2 0 2022-05-29 18:34:34.018
!MESSAGE Warning: The environment variable HOME is not set. The following directory will be used to store the Git
user global configuration and to define the default location to store repositories: 'C:\Users\gunna'. If this is
not correct please set the HOME environment variable and restart Eclipse. Otherwise Git for Windows and
EGit might behave differently since they see different configuration options.
This warning can be switched off on the Team > Git > Confirmations and Warnings preference page.
!SESSION 2022-05-31 16:38:36.532 -----------------------------------------------
eclipse.buildId=4.23.0.I20220308-0310
java.version=17.0.2
java.vendor=Eclipse Adoptium
BootLoader constants: OS=macosx, ARCH=x86_64, WS=cocoa, NL=en_US
Framework arguments:  -product org.eclipse.epp.package.java.product -keyring /Users/gunnaryonker/.eclipse_keyring
Command-line arguments:  -os macosx -ws cocoa -arch x86_64 -product org.eclipse.epp.package.java.product -keyring /Users/gunnaryonker/.eclipse_keyring

!ENTRY org.eclipse.core.resources 4 567 2022-05-31 16:39:27.272
!MESSAGE Workspace restored, but some problems occurred.
!SUBENTRY 1 org.eclipse.core.resources 4 567 2022-05-31 16:39:27.272
!MESSAGE Could not read metadata for '.org.eclipse.egit.core.cmp'.
!STACK 1
org.eclipse.core.internal.resources.ResourceException(/.org.eclipse.egit.core.cmp)[567]: java.lang.Exception: The project description file (.project) for '.org.eclipse.egit.core.cmp' is missing.  This file contains important information about the project.  The project will not function properly until this file is restored.
	at org.eclipse.core.internal.resources.ResourceException.provideStackTrace(ResourceException.java:42)
	at org.eclipse.core.internal.resources.ResourceException.<init>(ResourceException.java:38)
	at org.eclipse.core.internal.localstore.FileSystemResourceManager.read(FileSystemResourceManager.java:908)
	at org.eclipse.core.internal.resources.SaveManager.restoreMetaInfo(SaveManager.java:888)
	at org.eclipse.core.internal.resources.SaveManager.restoreMetaInfo(SaveManager.java:868)
	at org.eclipse.core.internal.resources.SaveManager.restore(SaveManager.java:724)
	at org.eclipse.core.internal.resources.SaveManager.startup(SaveManager.java:1555)
	at org.eclipse.core.internal.resources.Workspace.startup(Workspace.java:2482)
	at org.eclipse.core.internal.resources.Workspace.open(Workspace.java:2233)
	at org.eclipse.core.resources.ResourcesPlugin.start(ResourcesPlugin.java:475)
	at org.eclipse.osgi.internal.framework.BundleContextImpl$2.run(BundleContextImpl.java:813)
	at org.eclipse.osgi.internal.framework.BundleContextImpl$2.run(BundleContextImpl.java:1)
	at java.base/java.security.AccessController.doPrivileged(AccessController.java:569)
	at org.eclipse.osgi.internal.framework.BundleContextImpl.startActivator(BundleContextImpl.java:805)
	at org.eclipse.osgi.internal.framework.BundleContextImpl.start(BundleContextImpl.java:762)
	at org.eclipse.osgi.internal.framework.EquinoxBundle.startWorker0(EquinoxBundle.java:1032)
	at org.eclipse.osgi.internal.framework.EquinoxBundle$EquinoxModule.startWorker(EquinoxBundle.java:371)
	at org.eclipse.osgi.container.Module.doStart(Module.java:605)
	at org.eclipse.osgi.container.Module.start(Module.java:468)
	at org.eclipse.osgi.framework.util.SecureAction.start(SecureAction.java:513)
	at org.eclipse.osgi.internal.hooks.EclipseLazyStarter.postFindLocalClass(EclipseLazyStarter.java:117)
	at org.eclipse.osgi.internal.loader.classpath.ClasspathManager.findLocalClass(ClasspathManager.java:570)
	at org.eclipse.osgi.internal.loader.ModuleClassLoader.findLocalClass(ModuleClassLoader.java:335)
	at org.eclipse.osgi.internal.loader.BundleLoader.findLocalClass(BundleLoader.java:397)
	at org.eclipse.osgi.internal.loader.sources.SingleSourcePackage.loadClass(SingleSourcePackage.java:41)
	at org.eclipse.osgi.internal.loader.BundleLoader.findClass0(BundleLoader.java:484)
	at org.eclipse.osgi.internal.loader.BundleLoader.findClass(BundleLoader.java:416)
	at org.eclipse.osgi.internal.loader.ModuleClassLoader.loadClass(ModuleClassLoader.java:168)
	at java.base/java.lang.ClassLoader.loadClass(ClassLoader.java:520)
	at org.eclipse.ui.internal.ide.application.IDEApplication.start(IDEApplication.java:153)
	at org.eclipse.equinox.internal.app.EclipseAppHandle.run(EclipseAppHandle.java:203)
	at org.eclipse.core.runtime.internal.adaptor.EclipseAppLauncher.runApplication(EclipseAppLauncher.java:136)
	at org.eclipse.core.runtime.internal.adaptor.EclipseAppLauncher.start(EclipseAppLauncher.java:104)
	at org.eclipse.core.runtime.adaptor.EclipseStarter.run(EclipseStarter.java:401)
	at org.eclipse.core.runtime.adaptor.EclipseStarter.run(EclipseStarter.java:255)
	at java.base/jdk.internal.reflect.NativeMethodAccessorImpl.invoke0(Native Method)
	at java.base/jdk.internal.reflect.NativeMethodAccessorImpl.invoke(NativeMethodAccessorImpl.java:77)
	at java.base/jdk.internal.reflect.DelegatingMethodAccessorImpl.invoke(DelegatingMethodAccessorImpl.java:43)
	at java.base/java.lang.reflect.Method.invoke(Method.java:568)
	at org.eclipse.equinox.launcher.Main.invokeFramework(Main.java:659)
	at org.eclipse.equinox.launcher.Main.basicRun(Main.java:596)
	at org.eclipse.equinox.launcher.Main.run(Main.java:1467)
!SUBENTRY 2 org.eclipse.core.resources 4 567 2022-05-31 16:39:27.273
!MESSAGE The project description file (.project) for '.org.eclipse.egit.core.cmp' is missing.  This file contains important information about the project.  The project will not function properly until this file is restored.
!STACK 0
java.lang.Exception: The project description file (.project) for '.org.eclipse.egit.core.cmp' is missing.  This file contains important information about the project.  The project will not function properly until this file is restored.
	at org.eclipse.core.internal.resources.ResourceException.provideStackTrace(ResourceException.java:42)
	at org.eclipse.core.internal.resources.ResourceException.<init>(ResourceException.java:38)
	at org.eclipse.core.internal.localstore.FileSystemResourceManager.read(FileSystemResourceManager.java:908)
	at org.eclipse.core.internal.resources.SaveManager.restoreMetaInfo(SaveManager.java:888)
	at org.eclipse.core.internal.resources.SaveManager.restoreMetaInfo(SaveManager.java:868)
	at org.eclipse.core.internal.resources.SaveManager.restore(SaveManager.java:724)
	at org.eclipse.core.internal.resources.SaveManager.startup(SaveManager.java:1555)
	at org.eclipse.core.internal.resources.Workspace.startup(Workspace.java:2482)
	at org.eclipse.core.internal.resources.Workspace.open(Workspace.java:2233)
	at org.eclipse.core.resources.ResourcesPlugin.start(ResourcesPlugin.java:475)
	at org.eclipse.osgi.internal.framework.BundleContextImpl$2.run(BundleContextImpl.java:813)
	at org.eclipse.osgi.internal.framework.BundleContextImpl$2.run(BundleContextImpl.java:1)
	at java.base/java.security.AccessController.doPrivileged(AccessController.java:569)
	at org.eclipse.osgi.internal.framework.BundleContextImpl.startActivator(BundleContextImpl.java:805)
	at org.eclipse.osgi.internal.framework.BundleContextImpl.start(BundleContextImpl.java:762)
	at org.eclipse.osgi.internal.framework.EquinoxBundle.startWorker0(EquinoxBundle.java:1032)
	at org.eclipse.osgi.internal.framework.EquinoxBundle$EquinoxModule.startWorker(EquinoxBundle.java:371)
	at org.eclipse.osgi.container.Module.doStart(Module.java:605)
	at org.eclipse.osgi.container.Module.start(Module.java:468)
	at org.eclipse.osgi.framework.util.SecureAction.start(SecureAction.java:513)
	at org.eclipse.osgi.internal.hooks.EclipseLazyStarter.postFindLocalClass(EclipseLazyStarter.java:117)
	at org.eclipse.osgi.internal.loader.classpath.ClasspathManager.findLocalClass(ClasspathManager.java:570)
	at org.eclipse.osgi.internal.loader.ModuleClassLoader.findLocalClass(ModuleClassLoader.java:335)
	at org.eclipse.osgi.internal.loader.BundleLoader.findLocalClass(BundleLoader.java:397)
	at org.eclipse.osgi.internal.loader.sources.SingleSourcePackage.loadClass(SingleSourcePackage.java:41)
	at org.eclipse.osgi.internal.loader.BundleLoader.findClass0(BundleLoader.java:484)
	at org.eclipse.osgi.internal.loader.BundleLoader.findClass(BundleLoader.java:416)
	at org.eclipse.osgi.internal.loader.ModuleClassLoader.loadClass(ModuleClassLoader.java:168)
	at java.base/java.lang.ClassLoader.loadClass(ClassLoader.java:520)
	at org.eclipse.ui.internal.ide.application.IDEApplication.start(IDEApplication.java:153)
	at org.eclipse.equinox.internal.app.EclipseAppHandle.run(EclipseAppHandle.java:203)
	at org.eclipse.core.runtime.internal.adaptor.EclipseAppLauncher.runApplication(EclipseAppLauncher.java:136)
	at org.eclipse.core.runtime.internal.adaptor.EclipseAppLauncher.start(EclipseAppLauncher.java:104)
	at org.eclipse.core.runtime.adaptor.EclipseStarter.run(EclipseStarter.java:401)
	at org.eclipse.core.runtime.adaptor.EclipseStarter.run(EclipseStarter.java:255)
	at java.base/jdk.internal.reflect.NativeMethodAccessorImpl.invoke0(Native Method)
	at java.base/jdk.internal.reflect.NativeMethodAccessorImpl.invoke(NativeMethodAccessorImpl.java:77)
	at java.base/jdk.internal.reflect.DelegatingMethodAccessorImpl.invoke(DelegatingMethodAccessorImpl.java:43)
	at java.base/java.lang.reflect.Method.invoke(Method.java:568)
	at org.eclipse.equinox.launcher.Main.invokeFramework(Main.java:659)
	at org.eclipse.equinox.launcher.Main.basicRun(Main.java:596)
	at org.eclipse.equinox.launcher.Main.run(Main.java:1467)

!ENTRY org.eclipse.jface 2 0 2022-05-31 16:39:47.190
!MESSAGE Keybinding conflicts occurred.  They may interfere with normal accelerator operation.
!SUBENTRY 1 org.eclipse.jface 2 0 2022-05-31 16:39:47.190
!MESSAGE A conflict occurred for COMMAND+SHIFT+T:
Binding(COMMAND+SHIFT+T,
	ParameterizedCommand(Command(org.eclipse.jdt.ui.navigate.open.type,Open Type,
		Open a type in a Java editor,
		Category(org.eclipse.ui.category.navigate,Navigate,null,true),
		org.eclipse.ui.internal.WorkbenchHandlerServiceHandler@614d7fbf,
		,,true),null),
	org.eclipse.ui.defaultAcceleratorConfiguration,
	org.eclipse.ui.contexts.window,,,system)
Binding(COMMAND+SHIFT+T,
	ParameterizedCommand(Command(org.eclipse.lsp4e.symbolinworkspace,Go to Symbol in Workspace,
		,
		Category(org.eclipse.lsp4e.category,Language Servers,null,true),
		org.eclipse.ui.internal.WorkbenchHandlerServiceHandler@6c06b1bc,
		,,true),null),
	org.eclipse.ui.defaultAcceleratorConfiguration,
	org.eclipse.ui.contexts.window,,,system)
!SUBENTRY 1 org.eclipse.jface 2 0 2022-05-31 16:39:47.190
!MESSAGE A conflict occurred for ALT+COMMAND+R:
Binding(ALT+COMMAND+R,
	ParameterizedCommand(Command(org.eclipse.ui.edit.rename,Rename,
		Rename the selected item,
		Category(org.eclipse.ui.category.file,File,null,true),
		org.eclipse.ui.internal.WorkbenchHandlerServiceHandler@1d8dbf10,
		,,true),null),
	org.eclipse.ui.defaultAcceleratorConfiguration,
	org.eclipse.ui.contexts.window,,cocoa,system)
Binding(ALT+COMMAND+R,
	ParameterizedCommand(Command(org.eclipse.jdt.ui.edit.text.java.rename.element,Rename - Refactoring ,
		Rename the selected element,
		Category(org.eclipse.jdt.ui.category.refactoring,Refactor - Java,Java Refactoring Actions,true),
		org.eclipse.ui.internal.WorkbenchHandlerServiceHandler@e171f93,
		,,true),null),
	org.eclipse.ui.defaultAcceleratorConfiguration,
	org.eclipse.ui.contexts.window,,cocoa,system)

!ENTRY org.eclipse.jdt.core 4 4 2022-05-31 16:40:39.670
!MESSAGE Exception while reading last build state for: P/Lab1
!STACK 1
org.eclipse.core.runtime.CoreException: Error reading last build state for project Lab1
	at org.eclipse.jdt.internal.core.JavaModelManager.readStateTimed(JavaModelManager.java:4120)
	at org.eclipse.jdt.internal.core.JavaModelManager.readState(JavaModelManager.java:4096)
	at org.eclipse.jdt.internal.core.JavaModelManager.getLastBuiltState(JavaModelManager.java:2264)
	at org.eclipse.jdt.internal.core.builder.JavaBuilder.getLastState(JavaBuilder.java:449)
	at org.eclipse.jdt.internal.core.builder.JavaBuilder.build(JavaBuilder.java:189)
	at org.eclipse.core.internal.events.BuildManager$2.run(BuildManager.java:860)
	at org.eclipse.core.runtime.SafeRunner.run(SafeRunner.java:45)
	at org.eclipse.core.internal.events.BuildManager.basicBuild(BuildManager.java:232)
	at org.eclipse.core.internal.events.BuildManager.basicBuild(BuildManager.java:281)
	at org.eclipse.core.internal.events.BuildManager$1.run(BuildManager.java:334)
	at org.eclipse.core.runtime.SafeRunner.run(SafeRunner.java:45)
	at org.eclipse.core.internal.events.BuildManager.basicBuild(BuildManager.java:337)
	at org.eclipse.core.internal.events.BuildManager.basicBuildLoop(BuildManager.java:392)
	at org.eclipse.core.internal.events.BuildManager.build(BuildManager.java:417)
	at org.eclipse.core.internal.events.AutoBuildJob.doBuild(AutoBuildJob.java:161)
	at org.eclipse.core.internal.events.AutoBuildJob.run(AutoBuildJob.java:255)
	at org.eclipse.core.internal.jobs.Worker.run(Worker.java:63)
Caused by: java.lang.NullPointerException: Cannot invoke "java.nio.file.Path.getParent()" because the return value of "java.nio.file.Path.getParent()" is null
	at org.eclipse.jdt.internal.core.builder.ClasspathJrtWithReleaseOption.<init>(ClasspathJrtWithReleaseOption.java:77)
	at org.eclipse.jdt.internal.core.builder.ClasspathLocation.forJrtSystem(ClasspathLocation.java:157)
	at org.eclipse.jdt.internal.core.builder.State.readBinaryLocations(State.java:419)
	at org.eclipse.jdt.internal.core.builder.State.read(State.java:306)
	at org.eclipse.jdt.internal.core.builder.JavaBuilder.readState(JavaBuilder.java:161)
	at org.eclipse.jdt.internal.core.JavaModelManager.readStateTimed(JavaModelManager.java:4115)
	... 16 more
!SUBENTRY 1 org.eclipse.jdt.core 4 2 2022-05-31 16:40:39.671
!MESSAGE Error reading last build state for project Lab1
!STACK 0
java.lang.NullPointerException: Cannot invoke "java.nio.file.Path.getParent()" because the return value of "java.nio.file.Path.getParent()" is null
	at org.eclipse.jdt.internal.core.builder.ClasspathJrtWithReleaseOption.<init>(ClasspathJrtWithReleaseOption.java:77)
	at org.eclipse.jdt.internal.core.builder.ClasspathLocation.forJrtSystem(ClasspathLocation.java:157)
	at org.eclipse.jdt.internal.core.builder.State.readBinaryLocations(State.java:419)
	at org.eclipse.jdt.internal.core.builder.State.read(State.java:306)
	at org.eclipse.jdt.internal.core.builder.JavaBuilder.readState(JavaBuilder.java:161)
	at org.eclipse.jdt.internal.core.JavaModelManager.readStateTimed(JavaModelManager.java:4115)
	at org.eclipse.jdt.internal.core.JavaModelManager.readState(JavaModelManager.java:4096)
	at org.eclipse.jdt.internal.core.JavaModelManager.getLastBuiltState(JavaModelManager.java:2264)
	at org.eclipse.jdt.internal.core.builder.JavaBuilder.getLastState(JavaBuilder.java:449)
	at org.eclipse.jdt.internal.core.builder.JavaBuilder.build(JavaBuilder.java:189)
	at org.eclipse.core.internal.events.BuildManager$2.run(BuildManager.java:860)
	at org.eclipse.core.runtime.SafeRunner.run(SafeRunner.java:45)
	at org.eclipse.core.internal.events.BuildManager.basicBuild(BuildManager.java:232)
	at org.eclipse.core.internal.events.BuildManager.basicBuild(BuildManager.java:281)
	at org.eclipse.core.internal.events.BuildManager$1.run(BuildManager.java:334)
	at org.eclipse.core.runtime.SafeRunner.run(SafeRunner.java:45)
	at org.eclipse.core.internal.events.BuildManager.basicBuild(BuildManager.java:337)
	at org.eclipse.core.internal.events.BuildManager.basicBuildLoop(BuildManager.java:392)
	at org.eclipse.core.internal.events.BuildManager.build(BuildManager.java:417)
	at org.eclipse.core.internal.events.AutoBuildJob.doBuild(AutoBuildJob.java:161)
	at org.eclipse.core.internal.events.AutoBuildJob.run(AutoBuildJob.java:255)
	at org.eclipse.core.internal.jobs.Worker.run(Worker.java:63)

!ENTRY org.eclipse.jdt.core 4 4 2022-05-31 16:40:42.180
!MESSAGE Exception while reading last build state for: P/Lab2
!STACK 1
org.eclipse.core.runtime.CoreException: Error reading last build state for project Lab2
	at org.eclipse.jdt.internal.core.JavaModelManager.readStateTimed(JavaModelManager.java:4120)
	at org.eclipse.jdt.internal.core.JavaModelManager.readState(JavaModelManager.java:4096)
	at org.eclipse.jdt.internal.core.JavaModelManager.getLastBuiltState(JavaModelManager.java:2264)
	at org.eclipse.jdt.internal.core.builder.JavaBuilder.getLastState(JavaBuilder.java:449)
	at org.eclipse.jdt.internal.core.builder.JavaBuilder.build(JavaBuilder.java:189)
	at org.eclipse.core.internal.events.BuildManager$2.run(BuildManager.java:860)
	at org.eclipse.core.runtime.SafeRunner.run(SafeRunner.java:45)
	at org.eclipse.core.internal.events.BuildManager.basicBuild(BuildManager.java:232)
	at org.eclipse.core.internal.events.BuildManager.basicBuild(BuildManager.java:281)
	at org.eclipse.core.internal.events.BuildManager$1.run(BuildManager.java:334)
	at org.eclipse.core.runtime.SafeRunner.run(SafeRunner.java:45)
	at org.eclipse.core.internal.events.BuildManager.basicBuild(BuildManager.java:337)
	at org.eclipse.core.internal.events.BuildManager.basicBuildLoop(BuildManager.java:392)
	at org.eclipse.core.internal.events.BuildManager.build(BuildManager.java:417)
	at org.eclipse.core.internal.events.AutoBuildJob.doBuild(AutoBuildJob.java:161)
	at org.eclipse.core.internal.events.AutoBuildJob.run(AutoBuildJob.java:255)
	at org.eclipse.core.internal.jobs.Worker.run(Worker.java:63)
Caused by: java.lang.NullPointerException: Cannot invoke "java.nio.file.Path.getParent()" because the return value of "java.nio.file.Path.getParent()" is null
	at org.eclipse.jdt.internal.core.builder.ClasspathJrtWithReleaseOption.<init>(ClasspathJrtWithReleaseOption.java:77)
	at org.eclipse.jdt.internal.core.builder.ClasspathLocation.forJrtSystem(ClasspathLocation.java:157)
	at org.eclipse.jdt.internal.core.builder.State.readBinaryLocations(State.java:419)
	at org.eclipse.jdt.internal.core.builder.State.read(State.java:306)
	at org.eclipse.jdt.internal.core.builder.JavaBuilder.readState(JavaBuilder.java:161)
	at org.eclipse.jdt.internal.core.JavaModelManager.readStateTimed(JavaModelManager.java:4115)
	... 16 more
!SUBENTRY 1 org.eclipse.jdt.core 4 2 2022-05-31 16:40:42.180
!MESSAGE Error reading last build state for project Lab2
!STACK 0
java.lang.NullPointerException: Cannot invoke "java.nio.file.Path.getParent()" because the return value of "java.nio.file.Path.getParent()" is null
	at org.eclipse.jdt.internal.core.builder.ClasspathJrtWithReleaseOption.<init>(ClasspathJrtWithReleaseOption.java:77)
	at org.eclipse.jdt.internal.core.builder.ClasspathLocation.forJrtSystem(ClasspathLocation.java:157)
	at org.eclipse.jdt.internal.core.builder.State.readBinaryLocations(State.java:419)
	at org.eclipse.jdt.internal.core.builder.State.read(State.java:306)
	at org.eclipse.jdt.internal.core.builder.JavaBuilder.readState(JavaBuilder.java:161)
	at org.eclipse.jdt.internal.core.JavaModelManager.readStateTimed(JavaModelManager.java:4115)
	at org.eclipse.jdt.internal.core.JavaModelManager.readState(JavaModelManager.java:4096)
	at org.eclipse.jdt.internal.core.JavaModelManager.getLastBuiltState(JavaModelManager.java:2264)
	at org.eclipse.jdt.internal.core.builder.JavaBuilder.getLastState(JavaBuilder.java:449)
	at org.eclipse.jdt.internal.core.builder.JavaBuilder.build(JavaBuilder.java:189)
	at org.eclipse.core.internal.events.BuildManager$2.run(BuildManager.java:860)
	at org.eclipse.core.runtime.SafeRunner.run(SafeRunner.java:45)
	at org.eclipse.core.internal.events.BuildManager.basicBuild(BuildManager.java:232)
	at org.eclipse.core.internal.events.BuildManager.basicBuild(BuildManager.java:281)
	at org.eclipse.core.internal.events.BuildManager$1.run(BuildManager.java:334)
	at org.eclipse.core.runtime.SafeRunner.run(SafeRunner.java:45)
	at org.eclipse.core.internal.events.BuildManager.basicBuild(BuildManager.java:337)
	at org.eclipse.core.internal.events.BuildManager.basicBuildLoop(BuildManager.java:392)
	at org.eclipse.core.internal.events.BuildManager.build(BuildManager.java:417)
	at org.eclipse.core.internal.events.AutoBuildJob.doBuild(AutoBuildJob.java:161)
	at org.eclipse.core.internal.events.AutoBuildJob.run(AutoBuildJob.java:255)
	at org.eclipse.core.internal.jobs.Worker.run(Worker.java:63)

!ENTRY org.eclipse.jdt.core 4 4 2022-05-31 16:40:47.588
!MESSAGE Exception while reading last build state for: P/Practice
!STACK 1
org.eclipse.core.runtime.CoreException: Error reading last build state for project Practice
	at org.eclipse.jdt.internal.core.JavaModelManager.readStateTimed(JavaModelManager.java:4120)
	at org.eclipse.jdt.internal.core.JavaModelManager.readState(JavaModelManager.java:4096)
	at org.eclipse.jdt.internal.core.JavaModelManager.getLastBuiltState(JavaModelManager.java:2264)
	at org.eclipse.jdt.internal.core.builder.JavaBuilder.getLastState(JavaBuilder.java:449)
	at org.eclipse.jdt.internal.core.builder.JavaBuilder.build(JavaBuilder.java:189)
	at org.eclipse.core.internal.events.BuildManager$2.run(BuildManager.java:860)
	at org.eclipse.core.runtime.SafeRunner.run(SafeRunner.java:45)
	at org.eclipse.core.internal.events.BuildManager.basicBuild(BuildManager.java:232)
	at org.eclipse.core.internal.events.BuildManager.basicBuild(BuildManager.java:281)
	at org.eclipse.core.internal.events.BuildManager$1.run(BuildManager.java:334)
	at org.eclipse.core.runtime.SafeRunner.run(SafeRunner.java:45)
	at org.eclipse.core.internal.events.BuildManager.basicBuild(BuildManager.java:337)
	at org.eclipse.core.internal.events.BuildManager.basicBuildLoop(BuildManager.java:392)
	at org.eclipse.core.internal.events.BuildManager.build(BuildManager.java:417)
	at org.eclipse.core.internal.events.AutoBuildJob.doBuild(AutoBuildJob.java:161)
	at org.eclipse.core.internal.events.AutoBuildJob.run(AutoBuildJob.java:255)
	at org.eclipse.core.internal.jobs.Worker.run(Worker.java:63)
Caused by: java.lang.NullPointerException: Cannot invoke "java.nio.file.Path.getParent()" because the return value of "java.nio.file.Path.getParent()" is null
	at org.eclipse.jdt.internal.core.builder.ClasspathJrtWithReleaseOption.<init>(ClasspathJrtWithReleaseOption.java:77)
	at org.eclipse.jdt.internal.core.builder.ClasspathLocation.forJrtSystem(ClasspathLocation.java:157)
	at org.eclipse.jdt.internal.core.builder.State.readBinaryLocations(State.java:419)
	at org.eclipse.jdt.internal.core.builder.State.read(State.java:306)
	at org.eclipse.jdt.internal.core.builder.JavaBuilder.readState(JavaBuilder.java:161)
	at org.eclipse.jdt.internal.core.JavaModelManager.readStateTimed(JavaModelManager.java:4115)
	... 16 more
!SUBENTRY 1 org.eclipse.jdt.core 4 2 2022-05-31 16:40:47.588
!MESSAGE Error reading last build state for project Practice
!STACK 0
java.lang.NullPointerException: Cannot invoke "java.nio.file.Path.getParent()" because the return value of "java.nio.file.Path.getParent()" is null
	at org.eclipse.jdt.internal.core.builder.ClasspathJrtWithReleaseOption.<init>(ClasspathJrtWithReleaseOption.java:77)
	at org.eclipse.jdt.internal.core.builder.ClasspathLocation.forJrtSystem(ClasspathLocation.java:157)
	at org.eclipse.jdt.internal.core.builder.State.readBinaryLocations(State.java:419)
	at org.eclipse.jdt.internal.core.builder.State.read(State.java:306)
	at org.eclipse.jdt.internal.core.builder.JavaBuilder.readState(JavaBuilder.java:161)
	at org.eclipse.jdt.internal.core.JavaModelManager.readStateTimed(JavaModelManager.java:4115)
	at org.eclipse.jdt.internal.core.JavaModelManager.readState(JavaModelManager.java:4096)
	at org.eclipse.jdt.internal.core.JavaModelManager.getLastBuiltState(JavaModelManager.java:2264)
	at org.eclipse.jdt.internal.core.builder.JavaBuilder.getLastState(JavaBuilder.java:449)
	at org.eclipse.jdt.internal.core.builder.JavaBuilder.build(JavaBuilder.java:189)
	at org.eclipse.core.internal.events.BuildManager$2.run(BuildManager.java:860)
	at org.eclipse.core.runtime.SafeRunner.run(SafeRunner.java:45)
	at org.eclipse.core.internal.events.BuildManager.basicBuild(BuildManager.java:232)
	at org.eclipse.core.internal.events.BuildManager.basicBuild(BuildManager.java:281)
	at org.eclipse.core.internal.events.BuildManager$1.run(BuildManager.java:334)
	at org.eclipse.core.runtime.SafeRunner.run(SafeRunner.java:45)
	at org.eclipse.core.internal.events.BuildManager.basicBuild(BuildManager.java:337)
	at org.eclipse.core.internal.events.BuildManager.basicBuildLoop(BuildManager.java:392)
	at org.eclipse.core.internal.events.BuildManager.build(BuildManager.java:417)
	at org.eclipse.core.internal.events.AutoBuildJob.doBuild(AutoBuildJob.java:161)
	at org.eclipse.core.internal.events.AutoBuildJob.run(AutoBuildJob.java:255)
	at org.eclipse.core.internal.jobs.Worker.run(Worker.java:63)

!ENTRY org.eclipse.jdt.core 4 4 2022-05-31 16:40:48.810
!MESSAGE Exception while reading last build state for: P/PracticeLab2
!STACK 1
org.eclipse.core.runtime.CoreException: Error reading last build state for project PracticeLab2
	at org.eclipse.jdt.internal.core.JavaModelManager.readStateTimed(JavaModelManager.java:4120)
	at org.eclipse.jdt.internal.core.JavaModelManager.readState(JavaModelManager.java:4096)
	at org.eclipse.jdt.internal.core.JavaModelManager.getLastBuiltState(JavaModelManager.java:2264)
	at org.eclipse.jdt.internal.core.builder.JavaBuilder.getLastState(JavaBuilder.java:449)
	at org.eclipse.jdt.internal.core.builder.JavaBuilder.build(JavaBuilder.java:189)
	at org.eclipse.core.internal.events.BuildManager$2.run(BuildManager.java:860)
	at org.eclipse.core.runtime.SafeRunner.run(SafeRunner.java:45)
	at org.eclipse.core.internal.events.BuildManager.basicBuild(BuildManager.java:232)
	at org.eclipse.core.internal.events.BuildManager.basicBuild(BuildManager.java:281)
	at org.eclipse.core.internal.events.BuildManager$1.run(BuildManager.java:334)
	at org.eclipse.core.runtime.SafeRunner.run(SafeRunner.java:45)
	at org.eclipse.core.internal.events.BuildManager.basicBuild(BuildManager.java:337)
	at org.eclipse.core.internal.events.BuildManager.basicBuildLoop(BuildManager.java:392)
	at org.eclipse.core.internal.events.BuildManager.build(BuildManager.java:417)
	at org.eclipse.core.internal.events.AutoBuildJob.doBuild(AutoBuildJob.java:161)
	at org.eclipse.core.internal.events.AutoBuildJob.run(AutoBuildJob.java:255)
	at org.eclipse.core.internal.jobs.Worker.run(Worker.java:63)
Caused by: java.lang.NullPointerException: Cannot invoke "java.nio.file.Path.getParent()" because the return value of "java.nio.file.Path.getParent()" is null
	at org.eclipse.jdt.internal.core.builder.ClasspathJrtWithReleaseOption.<init>(ClasspathJrtWithReleaseOption.java:77)
	at org.eclipse.jdt.internal.core.builder.ClasspathLocation.forJrtSystem(ClasspathLocation.java:157)
	at org.eclipse.jdt.internal.core.builder.State.readBinaryLocations(State.java:419)
	at org.eclipse.jdt.internal.core.builder.State.read(State.java:306)
	at org.eclipse.jdt.internal.core.builder.JavaBuilder.readState(JavaBuilder.java:161)
	at org.eclipse.jdt.internal.core.JavaModelManager.readStateTimed(JavaModelManager.java:4115)
	... 16 more
!SUBENTRY 1 org.eclipse.jdt.core 4 2 2022-05-31 16:40:48.810
!MESSAGE Error reading last build state for project PracticeLab2
!STACK 0
java.lang.NullPointerException: Cannot invoke "java.nio.file.Path.getParent()" because the return value of "java.nio.file.Path.getParent()" is null
	at org.eclipse.jdt.internal.core.builder.ClasspathJrtWithReleaseOption.<init>(ClasspathJrtWithReleaseOption.java:77)
	at org.eclipse.jdt.internal.core.builder.ClasspathLocation.forJrtSystem(ClasspathLocation.java:157)
	at org.eclipse.jdt.internal.core.builder.State.readBinaryLocations(State.java:419)
	at org.eclipse.jdt.internal.core.builder.State.read(State.java:306)
	at org.eclipse.jdt.internal.core.builder.JavaBuilder.readState(JavaBuilder.java:161)
	at org.eclipse.jdt.internal.core.JavaModelManager.readStateTimed(JavaModelManager.java:4115)
	at org.eclipse.jdt.internal.core.JavaModelManager.readState(JavaModelManager.java:4096)
	at org.eclipse.jdt.internal.core.JavaModelManager.getLastBuiltState(JavaModelManager.java:2264)
	at org.eclipse.jdt.internal.core.builder.JavaBuilder.getLastState(JavaBuilder.java:449)
	at org.eclipse.jdt.internal.core.builder.JavaBuilder.build(JavaBuilder.java:189)
	at org.eclipse.core.internal.events.BuildManager$2.run(BuildManager.java:860)
	at org.eclipse.core.runtime.SafeRunner.run(SafeRunner.java:45)
	at org.eclipse.core.internal.events.BuildManager.basicBuild(BuildManager.java:232)
	at org.eclipse.core.internal.events.BuildManager.basicBuild(BuildManager.java:281)
	at org.eclipse.core.internal.events.BuildManager$1.run(BuildManager.java:334)
	at org.eclipse.core.runtime.SafeRunner.run(SafeRunner.java:45)
	at org.eclipse.core.internal.events.BuildManager.basicBuild(BuildManager.java:337)
	at org.eclipse.core.internal.events.BuildManager.basicBuildLoop(BuildManager.java:392)
	at org.eclipse.core.internal.events.BuildManager.build(BuildManager.java:417)
	at org.eclipse.core.internal.events.AutoBuildJob.doBuild(AutoBuildJob.java:161)
	at org.eclipse.core.internal.events.AutoBuildJob.run(AutoBuildJob.java:255)
	at org.eclipse.core.internal.jobs.Worker.run(Worker.java:63)

!ENTRY org.eclipse.jdt.core 4 4 2022-05-31 16:40:53.167
!MESSAGE Exception while reading last build state for: P/TypeCasting
!STACK 1
org.eclipse.core.runtime.CoreException: Error reading last build state for project TypeCasting
	at org.eclipse.jdt.internal.core.JavaModelManager.readStateTimed(JavaModelManager.java:4120)
	at org.eclipse.jdt.internal.core.JavaModelManager.readState(JavaModelManager.java:4096)
	at org.eclipse.jdt.internal.core.JavaModelManager.getLastBuiltState(JavaModelManager.java:2264)
	at org.eclipse.jdt.internal.core.builder.JavaBuilder.getLastState(JavaBuilder.java:449)
	at org.eclipse.jdt.internal.core.builder.JavaBuilder.build(JavaBuilder.java:189)
	at org.eclipse.core.internal.events.BuildManager$2.run(BuildManager.java:860)
	at org.eclipse.core.runtime.SafeRunner.run(SafeRunner.java:45)
	at org.eclipse.core.internal.events.BuildManager.basicBuild(BuildManager.java:232)
	at org.eclipse.core.internal.events.BuildManager.basicBuild(BuildManager.java:281)
	at org.eclipse.core.internal.events.BuildManager$1.run(BuildManager.java:334)
	at org.eclipse.core.runtime.SafeRunner.run(SafeRunner.java:45)
	at org.eclipse.core.internal.events.BuildManager.basicBuild(BuildManager.java:337)
	at org.eclipse.core.internal.events.BuildManager.basicBuildLoop(BuildManager.java:392)
	at org.eclipse.core.internal.events.BuildManager.build(BuildManager.java:417)
	at org.eclipse.core.internal.events.AutoBuildJob.doBuild(AutoBuildJob.java:161)
	at org.eclipse.core.internal.events.AutoBuildJob.run(AutoBuildJob.java:255)
	at org.eclipse.core.internal.jobs.Worker.run(Worker.java:63)
Caused by: java.lang.NullPointerException: Cannot invoke "java.nio.file.Path.getParent()" because the return value of "java.nio.file.Path.getParent()" is null
	at org.eclipse.jdt.internal.core.builder.ClasspathJrtWithReleaseOption.<init>(ClasspathJrtWithReleaseOption.java:77)
	at org.eclipse.jdt.internal.core.builder.ClasspathLocation.forJrtSystem(ClasspathLocation.java:157)
	at org.eclipse.jdt.internal.core.builder.State.readBinaryLocations(State.java:419)
	at org.eclipse.jdt.internal.core.builder.State.read(State.java:306)
	at org.eclipse.jdt.internal.core.builder.JavaBuilder.readState(JavaBuilder.java:161)
	at org.eclipse.jdt.internal.core.JavaModelManager.readStateTimed(JavaModelManager.java:4115)
	... 16 more
!SUBENTRY 1 org.eclipse.jdt.core 4 2 2022-05-31 16:40:53.167
!MESSAGE Error reading last build state for project TypeCasting
!STACK 0
java.lang.NullPointerException: Cannot invoke "java.nio.file.Path.getParent()" because the return value of "java.nio.file.Path.getParent()" is null
	at org.eclipse.jdt.internal.core.builder.ClasspathJrtWithReleaseOption.<init>(ClasspathJrtWithReleaseOption.java:77)
	at org.eclipse.jdt.internal.core.builder.ClasspathLocation.forJrtSystem(ClasspathLocation.java:157)
	at org.eclipse.jdt.internal.core.builder.State.readBinaryLocations(State.java:419)
	at org.eclipse.jdt.internal.core.builder.State.read(State.java:306)
	at org.eclipse.jdt.internal.core.builder.JavaBuilder.readState(JavaBuilder.java:161)
	at org.eclipse.jdt.internal.core.JavaModelManager.readStateTimed(JavaModelManager.java:4115)
	at org.eclipse.jdt.internal.core.JavaModelManager.readState(JavaModelManager.java:4096)
	at org.eclipse.jdt.internal.core.JavaModelManager.getLastBuiltState(JavaModelManager.java:2264)
	at org.eclipse.jdt.internal.core.builder.JavaBuilder.getLastState(JavaBuilder.java:449)
	at org.eclipse.jdt.internal.core.builder.JavaBuilder.build(JavaBuilder.java:189)
	at org.eclipse.core.internal.events.BuildManager$2.run(BuildManager.java:860)
	at org.eclipse.core.runtime.SafeRunner.run(SafeRunner.java:45)
	at org.eclipse.core.internal.events.BuildManager.basicBuild(BuildManager.java:232)
	at org.eclipse.core.internal.events.BuildManager.basicBuild(BuildManager.java:281)
	at org.eclipse.core.internal.events.BuildManager$1.run(BuildManager.java:334)
	at org.eclipse.core.runtime.SafeRunner.run(SafeRunner.java:45)
	at org.eclipse.core.internal.events.BuildManager.basicBuild(BuildManager.java:337)
	at org.eclipse.core.internal.events.BuildManager.basicBuildLoop(BuildManager.java:392)
	at org.eclipse.core.internal.events.BuildManager.build(BuildManager.java:417)
	at org.eclipse.core.internal.events.AutoBuildJob.doBuild(AutoBuildJob.java:161)
	at org.eclipse.core.internal.events.AutoBuildJob.run(AutoBuildJob.java:255)
	at org.eclipse.core.internal.jobs.Worker.run(Worker.java:63)

!ENTRY org.eclipse.jdt.core 4 4 2022-05-31 16:40:55.326
!MESSAGE Exception while reading last build state for: P/VariablePractice
!STACK 1
org.eclipse.core.runtime.CoreException: Error reading last build state for project VariablePractice
	at org.eclipse.jdt.internal.core.JavaModelManager.readStateTimed(JavaModelManager.java:4120)
	at org.eclipse.jdt.internal.core.JavaModelManager.readState(JavaModelManager.java:4096)
	at org.eclipse.jdt.internal.core.JavaModelManager.getLastBuiltState(JavaModelManager.java:2264)
	at org.eclipse.jdt.internal.core.builder.JavaBuilder.getLastState(JavaBuilder.java:449)
	at org.eclipse.jdt.internal.core.builder.JavaBuilder.build(JavaBuilder.java:189)
	at org.eclipse.core.internal.events.BuildManager$2.run(BuildManager.java:860)
	at org.eclipse.core.runtime.SafeRunner.run(SafeRunner.java:45)
	at org.eclipse.core.internal.events.BuildManager.basicBuild(BuildManager.java:232)
	at org.eclipse.core.internal.events.BuildManager.basicBuild(BuildManager.java:281)
	at org.eclipse.core.internal.events.BuildManager$1.run(BuildManager.java:334)
	at org.eclipse.core.runtime.SafeRunner.run(SafeRunner.java:45)
	at org.eclipse.core.internal.events.BuildManager.basicBuild(BuildManager.java:337)
	at org.eclipse.core.internal.events.BuildManager.basicBuildLoop(BuildManager.java:392)
	at org.eclipse.core.internal.events.BuildManager.build(BuildManager.java:417)
	at org.eclipse.core.internal.events.AutoBuildJob.doBuild(AutoBuildJob.java:161)
	at org.eclipse.core.internal.events.AutoBuildJob.run(AutoBuildJob.java:255)
	at org.eclipse.core.internal.jobs.Worker.run(Worker.java:63)
Caused by: java.lang.NullPointerException: Cannot invoke "java.nio.file.Path.getParent()" because the return value of "java.nio.file.Path.getParent()" is null
	at org.eclipse.jdt.internal.core.builder.ClasspathJrtWithReleaseOption.<init>(ClasspathJrtWithReleaseOption.java:77)
	at org.eclipse.jdt.internal.core.builder.ClasspathLocation.forJrtSystem(ClasspathLocation.java:157)
	at org.eclipse.jdt.internal.core.builder.State.readBinaryLocations(State.java:419)
	at org.eclipse.jdt.internal.core.builder.State.read(State.java:306)
	at org.eclipse.jdt.internal.core.builder.JavaBuilder.readState(JavaBuilder.java:161)
	at org.eclipse.jdt.internal.core.JavaModelManager.readStateTimed(JavaModelManager.java:4115)
	... 16 more
!SUBENTRY 1 org.eclipse.jdt.core 4 2 2022-05-31 16:40:55.327
!MESSAGE Error reading last build state for project VariablePractice
!STACK 0
java.lang.NullPointerException: Cannot invoke "java.nio.file.Path.getParent()" because the return value of "java.nio.file.Path.getParent()" is null
	at org.eclipse.jdt.internal.core.builder.ClasspathJrtWithReleaseOption.<init>(ClasspathJrtWithReleaseOption.java:77)
	at org.eclipse.jdt.internal.core.builder.ClasspathLocation.forJrtSystem(ClasspathLocation.java:157)
	at org.eclipse.jdt.internal.core.builder.State.readBinaryLocations(State.java:419)
	at org.eclipse.jdt.internal.core.builder.State.read(State.java:306)
	at org.eclipse.jdt.internal.core.builder.JavaBuilder.readState(JavaBuilder.java:161)
	at org.eclipse.jdt.internal.core.JavaModelManager.readStateTimed(JavaModelManager.java:4115)
	at org.eclipse.jdt.internal.core.JavaModelManager.readState(JavaModelManager.java:4096)
	at org.eclipse.jdt.internal.core.JavaModelManager.getLastBuiltState(JavaModelManager.java:2264)
	at org.eclipse.jdt.internal.core.builder.JavaBuilder.getLastState(JavaBuilder.java:449)
	at org.eclipse.jdt.internal.core.builder.JavaBuilder.build(JavaBuilder.java:189)
	at org.eclipse.core.internal.events.BuildManager$2.run(BuildManager.java:860)
	at org.eclipse.core.runtime.SafeRunner.run(SafeRunner.java:45)
	at org.eclipse.core.internal.events.BuildManager.basicBuild(BuildManager.java:232)
	at org.eclipse.core.internal.events.BuildManager.basicBuild(BuildManager.java:281)
	at org.eclipse.core.internal.events.BuildManager$1.run(BuildManager.java:334)
	at org.eclipse.core.runtime.SafeRunner.run(SafeRunner.java:45)
	at org.eclipse.core.internal.events.BuildManager.basicBuild(BuildManager.java:337)
	at org.eclipse.core.internal.events.BuildManager.basicBuildLoop(BuildManager.java:392)
	at org.eclipse.core.internal.events.BuildManager.build(BuildManager.java:417)
	at org.eclipse.core.internal.events.AutoBuildJob.doBuild(AutoBuildJob.java:161)
	at org.eclipse.core.internal.events.AutoBuildJob.run(AutoBuildJob.java:255)
	at org.eclipse.core.internal.jobs.Worker.run(Worker.java:63)

!ENTRY org.eclipse.core.resources 4 273 2022-06-07 10:16:38.571
!MESSAGE Problems cleaning up history store.
!STACK 1
org.eclipse.core.internal.resources.ResourceException(null)[567]: java.io.FileNotFoundException: /Users/gunnaryonker/OneDrive/Java Programs/.metadata/.plugins/org.eclipse.core.resources/.projects/Lab1/.indexes/e4/history.index (Permission denied)
	at java.base/java.io.FileInputStream.open0(Native Method)
	at java.base/java.io.FileInputStream.open(FileInputStream.java:216)
	at java.base/java.io.FileInputStream.<init>(FileInputStream.java:157)
	at org.eclipse.core.internal.localstore.Bucket.loadEntries(Bucket.java:355)
	at org.eclipse.core.internal.localstore.Bucket.load(Bucket.java:330)
	at org.eclipse.core.internal.localstore.Bucket.load(Bucket.java:297)
	at org.eclipse.core.internal.localstore.BucketTree.internalAccept(BucketTree.java:103)
	at org.eclipse.core.internal.localstore.BucketTree.internalAccept(BucketTree.java:114)
	at org.eclipse.core.internal.localstore.BucketTree.accept(BucketTree.java:78)
	at org.eclipse.core.internal.localstore.HistoryStore2.clean(HistoryStore2.java:168)
	at org.eclipse.core.internal.resources.SaveManager.save(SaveManager.java:1191)
	at org.eclipse.core.internal.resources.Workspace.save(Workspace.java:2356)
	at org.eclipse.ui.internal.ide.application.IDEWorkbenchAdvisor.lambda$1(IDEWorkbenchAdvisor.java:554)
	at org.eclipse.jface.operation.ModalContext$ModalContextThread.run(ModalContext.java:122)
!SUBENTRY 1 org.eclipse.core.resources 4 567 2022-06-07 10:16:38.574
!MESSAGE Could not read metadata for '/Users/gunnaryonker/OneDrive/Java Programs/.metadata/.plugins/org.eclipse.core.resources/.projects/Lab1/.indexes/e4/history.index'.
!STACK 0
java.io.FileNotFoundException: /Users/gunnaryonker/OneDrive/Java Programs/.metadata/.plugins/org.eclipse.core.resources/.projects/Lab1/.indexes/e4/history.index (Permission denied)
	at java.base/java.io.FileInputStream.open0(Native Method)
	at java.base/java.io.FileInputStream.open(FileInputStream.java:216)
	at java.base/java.io.FileInputStream.<init>(FileInputStream.java:157)
	at org.eclipse.core.internal.localstore.Bucket.loadEntries(Bucket.java:355)
	at org.eclipse.core.internal.localstore.Bucket.load(Bucket.java:330)
	at org.eclipse.core.internal.localstore.Bucket.load(Bucket.java:297)
	at org.eclipse.core.internal.localstore.BucketTree.internalAccept(BucketTree.java:103)
	at org.eclipse.core.internal.localstore.BucketTree.internalAccept(BucketTree.java:114)
	at org.eclipse.core.internal.localstore.BucketTree.accept(BucketTree.java:78)
	at org.eclipse.core.internal.localstore.HistoryStore2.clean(HistoryStore2.java:168)
	at org.eclipse.core.internal.resources.SaveManager.save(SaveManager.java:1191)
	at org.eclipse.core.internal.resources.Workspace.save(Workspace.java:2356)
	at org.eclipse.ui.internal.ide.application.IDEWorkbenchAdvisor.lambda$1(IDEWorkbenchAdvisor.java:554)
	at org.eclipse.jface.operation.ModalContext$ModalContextThread.run(ModalContext.java:122)

!ENTRY org.eclipse.core.resources 4 0 2022-06-07 10:16:40.101
!MESSAGE FrameworkEvent ERROR
!STACK 0
org.osgi.framework.BundleException: Exception in org.eclipse.core.resources.ResourcesPlugin.stop() of bundle org.eclipse.core.resources.
	at org.eclipse.osgi.internal.framework.BundleContextImpl.stop(BundleContextImpl.java:890)
	at org.eclipse.osgi.internal.framework.EquinoxBundle.stopWorker0(EquinoxBundle.java:1046)
	at org.eclipse.osgi.internal.framework.EquinoxBundle$EquinoxModule.stopWorker(EquinoxBundle.java:376)
	at org.eclipse.osgi.container.Module.doStop(Module.java:660)
	at org.eclipse.osgi.container.Module.stop(Module.java:521)
	at org.eclipse.osgi.container.ModuleContainer$ContainerStartLevel.decStartLevel(ModuleContainer.java:1888)
	at org.eclipse.osgi.container.ModuleContainer$ContainerStartLevel.doContainerStartLevel(ModuleContainer.java:1763)
	at org.eclipse.osgi.container.SystemModule.stopWorker(SystemModule.java:275)
	at org.eclipse.osgi.internal.framework.EquinoxBundle$SystemBundle$EquinoxSystemModule.stopWorker(EquinoxBundle.java:208)
	at org.eclipse.osgi.container.Module.doStop(Module.java:660)
	at org.eclipse.osgi.container.Module.stop(Module.java:521)
	at org.eclipse.osgi.container.SystemModule.stop(SystemModule.java:207)
	at org.eclipse.osgi.internal.framework.EquinoxBundle$SystemBundle$EquinoxSystemModule$1.run(EquinoxBundle.java:226)
	at java.base/java.lang.Thread.run(Thread.java:833)
Caused by: org.eclipse.core.runtime.CoreException: Problem on shutdown.
	at org.eclipse.core.internal.resources.Workspace.shutdown(Workspace.java:2447)
	at org.eclipse.core.internal.resources.Workspace.close(Workspace.java:642)
	at org.eclipse.core.resources.ResourcesPlugin.stop(ResourcesPlugin.java:451)
	at org.eclipse.osgi.internal.framework.BundleContextImpl$3.run(BundleContextImpl.java:870)
	at org.eclipse.osgi.internal.framework.BundleContextImpl$3.run(BundleContextImpl.java:1)
	at java.base/java.security.AccessController.doPrivileged(AccessController.java:569)
	at org.eclipse.osgi.internal.framework.BundleContextImpl.stop(BundleContextImpl.java:862)
	... 13 more
Root exception:
org.eclipse.core.runtime.CoreException: Problem on shutdown.
	at org.eclipse.core.internal.resources.Workspace.shutdown(Workspace.java:2447)
	at org.eclipse.core.internal.resources.Workspace.close(Workspace.java:642)
	at org.eclipse.core.resources.ResourcesPlugin.stop(ResourcesPlugin.java:451)
	at org.eclipse.osgi.internal.framework.BundleContextImpl$3.run(BundleContextImpl.java:870)
	at org.eclipse.osgi.internal.framework.BundleContextImpl$3.run(BundleContextImpl.java:1)
	at java.base/java.security.AccessController.doPrivileged(AccessController.java:569)
	at org.eclipse.osgi.internal.framework.BundleContextImpl.stop(BundleContextImpl.java:862)
	at org.eclipse.osgi.internal.framework.EquinoxBundle.stopWorker0(EquinoxBundle.java:1046)
	at org.eclipse.osgi.internal.framework.EquinoxBundle$EquinoxModule.stopWorker(EquinoxBundle.java:376)
	at org.eclipse.osgi.container.Module.doStop(Module.java:660)
	at org.eclipse.osgi.container.Module.stop(Module.java:521)
	at org.eclipse.osgi.container.ModuleContainer$ContainerStartLevel.decStartLevel(ModuleContainer.java:1888)
	at org.eclipse.osgi.container.ModuleContainer$ContainerStartLevel.doContainerStartLevel(ModuleContainer.java:1763)
	at org.eclipse.osgi.container.SystemModule.stopWorker(SystemModule.java:275)
	at org.eclipse.osgi.internal.framework.EquinoxBundle$SystemBundle$EquinoxSystemModule.stopWorker(EquinoxBundle.java:208)
	at org.eclipse.osgi.container.Module.doStop(Module.java:660)
	at org.eclipse.osgi.container.Module.stop(Module.java:521)
	at org.eclipse.osgi.container.SystemModule.stop(SystemModule.java:207)
	at org.eclipse.osgi.internal.framework.EquinoxBundle$SystemBundle$EquinoxSystemModule$1.run(EquinoxBundle.java:226)
	at java.base/java.lang.Thread.run(Thread.java:833)
Contains: Problem on shutdown.
org.eclipse.core.internal.resources.ResourceException(null)[568]: java.io.FileNotFoundException: /Users/gunnaryonker/OneDrive/Java Programs/.metadata/.plugins/org.eclipse.core.resources/.root/.indexes/properties.version (Permission denied)
	at java.base/java.io.FileOutputStream.open0(Native Method)
	at java.base/java.io.FileOutputStream.open(FileOutputStream.java:293)
	at java.base/java.io.FileOutputStream.<init>(FileOutputStream.java:235)
	at java.base/java.io.FileOutputStream.<init>(FileOutputStream.java:184)
	at org.eclipse.core.internal.localstore.BucketTree.saveVersion(BucketTree.java:151)
	at org.eclipse.core.internal.localstore.BucketTree.close(BucketTree.java:86)
	at org.eclipse.core.internal.properties.PropertyManager2.shutdown(PropertyManager2.java:188)
	at org.eclipse.core.internal.resources.Workspace.shutdown(Workspace.java:2425)
	at org.eclipse.core.internal.resources.Workspace.close(Workspace.java:642)
	at org.eclipse.core.resources.ResourcesPlugin.stop(ResourcesPlugin.java:451)
	at org.eclipse.osgi.internal.framework.BundleContextImpl$3.run(BundleContextImpl.java:870)
	at org.eclipse.osgi.internal.framework.BundleContextImpl$3.run(BundleContextImpl.java:1)
	at java.base/java.security.AccessController.doPrivileged(AccessController.java:569)
	at org.eclipse.osgi.internal.framework.BundleContextImpl.stop(BundleContextImpl.java:862)
	at org.eclipse.osgi.internal.framework.EquinoxBundle.stopWorker0(EquinoxBundle.java:1046)
	at org.eclipse.osgi.internal.framework.EquinoxBundle$EquinoxModule.stopWorker(EquinoxBundle.java:376)
	at org.eclipse.osgi.container.Module.doStop(Module.java:660)
	at org.eclipse.osgi.container.Module.stop(Module.java:521)
	at org.eclipse.osgi.container.ModuleContainer$ContainerStartLevel.decStartLevel(ModuleContainer.java:1888)
	at org.eclipse.osgi.container.ModuleContainer$ContainerStartLevel.doContainerStartLevel(ModuleContainer.java:1763)
	at org.eclipse.osgi.container.SystemModule.stopWorker(SystemModule.java:275)
	at org.eclipse.osgi.internal.framework.EquinoxBundle$SystemBundle$EquinoxSystemModule.stopWorker(EquinoxBundle.java:208)
	at org.eclipse.osgi.container.Module.doStop(Module.java:660)
	at org.eclipse.osgi.container.Module.stop(Module.java:521)
	at org.eclipse.osgi.container.SystemModule.stop(SystemModule.java:207)
	at org.eclipse.osgi.internal.framework.EquinoxBundle$SystemBundle$EquinoxSystemModule$1.run(EquinoxBundle.java:226)
	at java.base/java.lang.Thread.run(Thread.java:833)
Contains: Problem on shutdown.
org.eclipse.core.internal.resources.ResourceException(null)[568]: java.io.FileNotFoundException: /Users/gunnaryonker/OneDrive/Java Programs/.metadata/.plugins/org.eclipse.core.resources/.root/.indexes/history.version (Permission denied)
	at java.base/java.io.FileOutputStream.open0(Native Method)
	at java.base/java.io.FileOutputStream.open(FileOutputStream.java:293)
	at java.base/java.io.FileOutputStream.<init>(FileOutputStream.java:235)
	at java.base/java.io.FileOutputStream.<init>(FileOutputStream.java:184)
	at org.eclipse.core.internal.localstore.BucketTree.saveVersion(BucketTree.java:151)
	at org.eclipse.core.internal.localstore.BucketTree.close(BucketTree.java:86)
	at org.eclipse.core.internal.localstore.HistoryStore2.shutdown(HistoryStore2.java:379)
	at org.eclipse.core.internal.localstore.FileSystemResourceManager.shutdown(FileSystemResourceManager.java:1079)
	at org.eclipse.core.internal.resources.Workspace.shutdown(Workspace.java:2425)
	at org.eclipse.core.internal.resources.Workspace.close(Workspace.java:642)
	at org.eclipse.core.resources.ResourcesPlugin.stop(ResourcesPlugin.java:451)
	at org.eclipse.osgi.internal.framework.BundleContextImpl$3.run(BundleContextImpl.java:870)
	at org.eclipse.osgi.internal.framework.BundleContextImpl$3.run(BundleContextImpl.java:1)
	at java.base/java.security.AccessController.doPrivileged(AccessController.java:569)
	at org.eclipse.osgi.internal.framework.BundleContextImpl.stop(BundleContextImpl.java:862)
	at org.eclipse.osgi.internal.framework.EquinoxBundle.stopWorker0(EquinoxBundle.java:1046)
	at org.eclipse.osgi.internal.framework.EquinoxBundle$EquinoxModule.stopWorker(EquinoxBundle.java:376)
	at org.eclipse.osgi.container.Module.doStop(Module.java:660)
	at org.eclipse.osgi.container.Module.stop(Module.java:521)
	at org.eclipse.osgi.container.ModuleContainer$ContainerStartLevel.decStartLevel(ModuleContainer.java:1888)
	at org.eclipse.osgi.container.ModuleContainer$ContainerStartLevel.doContainerStartLevel(ModuleContainer.java:1763)
	at org.eclipse.osgi.container.SystemModule.stopWorker(SystemModule.java:275)
	at org.eclipse.osgi.internal.framework.EquinoxBundle$SystemBundle$EquinoxSystemModule.stopWorker(EquinoxBundle.java:208)
	at org.eclipse.osgi.container.Module.doStop(Module.java:660)
	at org.eclipse.osgi.container.Module.stop(Module.java:521)
	at org.eclipse.osgi.container.SystemModule.stop(SystemModule.java:207)
	at org.eclipse.osgi.internal.framework.EquinoxBundle$SystemBundle$EquinoxSystemModule$1.run(EquinoxBundle.java:226)
	at java.base/java.lang.Thread.run(Thread.java:833)
